生成启动时间为 2014/11/16 22:13:29。
     1>项目“E:\JIE course\speech recognition  systems\project5\project5\project5\project5.vcxproj”在节点 2 上(Build 个目标)。
     1>ClCompile:
         D:\Microsoft Visual Studio 11.0\VC\bin\CL.exe /c /ZI /nologo /W3 /WX- /Od /Oy- /D WIN32 /D _DEBUG /D _CONSOLE /D _UNICODE /D UNICODE /Gm /EHsc /RTC1 /MDd /GS /fp:precise /Zc:wchar_t /Zc:forScope /Fo"Debug\\" /Fd"Debug\vc110.pdb" /Gd /TP /analyze- /errorReport:prompt main.cpp
         main.cpp
     1>e:\jie course\speech recognition  systems\project5\project5\project5\main.cpp(57): warning C4258: “i”: 忽略 For 循环中的定义；使用封闭范围中的定义
                 e:\jie course\speech recognition  systems\project5\project5\project5\main.cpp(54) : 忽略“i”的定义
                 e:\jie course\speech recognition  systems\project5\project5\project5\main.cpp(42) : 使用“i”的定义
     1>e:\jie course\speech recognition  systems\project5\project5\project5\main.cpp(63): warning C4258: “i”: 忽略 For 循环中的定义；使用封闭范围中的定义
                 e:\jie course\speech recognition  systems\project5\project5\project5\main.cpp(58) : 忽略“i”的定义
                 e:\jie course\speech recognition  systems\project5\project5\project5\main.cpp(42) : 使用“i”的定义
     1>e:\jie course\speech recognition  systems\project5\project5\project5\main.cpp(83): warning C4018: “<”: 有符号/无符号不匹配
     1>e:\jie course\speech recognition  systems\project5\project5\project5\main.cpp(151): warning C4018: “<”: 有符号/无符号不匹配
     1>e:\jie course\speech recognition  systems\project5\project5\project5\main.cpp(275): warning C4018: “<”: 有符号/无符号不匹配
     1>e:\jie course\speech recognition  systems\project5\project5\project5\main.cpp(329): warning C4018: “<”: 有符号/无符号不匹配
       Link:
         D:\Microsoft Visual Studio 11.0\VC\bin\link.exe /ERRORREPORT:PROMPT /OUT:"E:\JIE course\speech recognition  systems\project5\project5\Debug\project5.exe" /INCREMENTAL /NOLOGO kernel32.lib user32.lib gdi32.lib winspool.lib comdlg32.lib advapi32.lib shell32.lib ole32.lib oleaut32.lib uuid.lib odbc32.lib odbccp32.lib /MANIFEST /MANIFESTUAC:"level='asInvoker' uiAccess='false'" /manifest:embed /DEBUG /PDB:"E:\JIE course\speech recognition  systems\project5\project5\Debug\project5.pdb" /SUBSYSTEM:CONSOLE /TLBID:1 /DYNAMICBASE /NXCOMPAT /IMPLIB:"E:\JIE course\speech recognition  systems\project5\project5\Debug\project5.lib" /MACHINE:X86 Debug\main.obj
         project5.vcxproj -> E:\JIE course\speech recognition  systems\project5\project5\Debug\project5.exe
     1>已完成生成项目“E:\JIE course\speech recognition  systems\project5\project5\project5\project5.vcxproj”(Build 个目标)的操作。

生成成功。

已用时间 00:00:02.92
