E:\JIE COURSE\SPEECH RECOGNITION  SYSTEMS\PROJECT5\PROJECT5\PROJECT5\DEBUG\MAIN.OBJ
E:\JIE COURSE\SPEECH RECOGNITION  SYSTEMS\PROJECT5\PROJECT5\PROJECT5\DEBUG\VC110.PDB
E:\JIE COURSE\SPEECH RECOGNITION  SYSTEMS\PROJECT5\PROJECT5\DEBUG\PROJECT5.ILK
E:\JIE COURSE\SPEECH RECOGNITION  SYSTEMS\PROJECT5\PROJECT5\DEBUG\PROJECT5.EXE
E:\JIE COURSE\SPEECH RECOGNITION  SYSTEMS\PROJECT5\PROJECT5\DEBUG\PROJECT5.PDB
E:\JIE course\speech recognition  systems\project5\project5\project5\Debug\main.obj
E:\JIE course\speech recognition  systems\project5\project5\project5\Debug\cl.command.1.tlog
E:\JIE course\speech recognition  systems\project5\project5\project5\Debug\CL.read.1.tlog
E:\JIE course\speech recognition  systems\project5\project5\project5\Debug\CL.write.1.tlog
E:\JIE course\speech recognition  systems\project5\project5\project5\Debug\link-cvtres.read.1.tlog
E:\JIE course\speech recognition  systems\project5\project5\project5\Debug\link-cvtres.write.1.tlog
E:\JIE course\speech recognition  systems\project5\project5\project5\Debug\link-rc.read.1.tlog
E:\JIE course\speech recognition  systems\project5\project5\project5\Debug\link-rc.write.1.tlog
E:\JIE course\speech recognition  systems\project5\project5\project5\Debug\link.1316-cvtres.read.1.tlog
E:\JIE course\speech recognition  systems\project5\project5\project5\Debug\link.1316-cvtres.write.1.tlog
E:\JIE course\speech recognition  systems\project5\project5\project5\Debug\link.1316-rc.read.1.tlog
E:\JIE course\speech recognition  systems\project5\project5\project5\Debug\link.1316-rc.write.1.tlog
E:\JIE course\speech recognition  systems\project5\project5\project5\Debug\link.1316.read.1.tlog
E:\JIE course\speech recognition  systems\project5\project5\project5\Debug\link.1316.write.1.tlog
E:\JIE course\speech recognition  systems\project5\project5\project5\Debug\link.3820-cvtres.read.1.tlog
E:\JIE course\speech recognition  systems\project5\project5\project5\Debug\link.3820-cvtres.write.1.tlog
E:\JIE course\speech recognition  systems\project5\project5\project5\Debug\link.3820-rc.read.1.tlog
E:\JIE course\speech recognition  systems\project5\project5\project5\Debug\link.3820-rc.write.1.tlog
E:\JIE course\speech recognition  systems\project5\project5\project5\Debug\link.3820.read.1.tlog
E:\JIE course\speech recognition  systems\project5\project5\project5\Debug\link.3820.write.1.tlog
E:\JIE course\speech recognition  systems\project5\project5\project5\Debug\link.4356-cvtres.read.1.tlog
E:\JIE course\speech recognition  systems\project5\project5\project5\Debug\link.4356-cvtres.write.1.tlog
E:\JIE course\speech recognition  systems\project5\project5\project5\Debug\link.4356-rc.read.1.tlog
E:\JIE course\speech recognition  systems\project5\project5\project5\Debug\link.4356-rc.write.1.tlog
E:\JIE course\speech recognition  systems\project5\project5\project5\Debug\link.4356.read.1.tlog
E:\JIE course\speech recognition  systems\project5\project5\project5\Debug\link.4356.write.1.tlog
E:\JIE course\speech recognition  systems\project5\project5\project5\Debug\link.4420-cvtres.read.1.tlog
E:\JIE course\speech recognition  systems\project5\project5\project5\Debug\link.4420-cvtres.write.1.tlog
E:\JIE course\speech recognition  systems\project5\project5\project5\Debug\link.4420-rc.read.1.tlog
E:\JIE course\speech recognition  systems\project5\project5\project5\Debug\link.4420-rc.write.1.tlog
E:\JIE course\speech recognition  systems\project5\project5\project5\Debug\link.4420.read.1.tlog
E:\JIE course\speech recognition  systems\project5\project5\project5\Debug\link.4420.write.1.tlog
E:\JIE course\speech recognition  systems\project5\project5\project5\Debug\link.5932-cvtres.read.1.tlog
E:\JIE course\speech recognition  systems\project5\project5\project5\Debug\link.5932-cvtres.write.1.tlog
E:\JIE course\speech recognition  systems\project5\project5\project5\Debug\link.5932-rc.read.1.tlog
E:\JIE course\speech recognition  systems\project5\project5\project5\Debug\link.5932-rc.write.1.tlog
E:\JIE course\speech recognition  systems\project5\project5\project5\Debug\link.5932.read.1.tlog
E:\JIE course\speech recognition  systems\project5\project5\project5\Debug\link.5932.write.1.tlog
E:\JIE course\speech recognition  systems\project5\project5\project5\Debug\link.6084-cvtres.read.1.tlog
E:\JIE course\speech recognition  systems\project5\project5\project5\Debug\link.6084-cvtres.write.1.tlog
E:\JIE course\speech recognition  systems\project5\project5\project5\Debug\link.6084-rc.read.1.tlog
E:\JIE course\speech recognition  systems\project5\project5\project5\Debug\link.6084-rc.write.1.tlog
E:\JIE course\speech recognition  systems\project5\project5\project5\Debug\link.6084.read.1.tlog
E:\JIE course\speech recognition  systems\project5\project5\project5\Debug\link.6084.write.1.tlog
E:\JIE course\speech recognition  systems\project5\project5\project5\Debug\link.6548-cvtres.read.1.tlog
E:\JIE course\speech recognition  systems\project5\project5\project5\Debug\link.6548-cvtres.write.1.tlog
E:\JIE course\speech recognition  systems\project5\project5\project5\Debug\link.6548-rc.read.1.tlog
E:\JIE course\speech recognition  systems\project5\project5\project5\Debug\link.6548-rc.write.1.tlog
E:\JIE course\speech recognition  systems\project5\project5\project5\Debug\link.6548.read.1.tlog
E:\JIE course\speech recognition  systems\project5\project5\project5\Debug\link.6548.write.1.tlog
E:\JIE course\speech recognition  systems\project5\project5\project5\Debug\link.7720-cvtres.read.1.tlog
E:\JIE course\speech recognition  systems\project5\project5\project5\Debug\link.7720-cvtres.write.1.tlog
E:\JIE course\speech recognition  systems\project5\project5\project5\Debug\link.7720-rc.read.1.tlog
E:\JIE course\speech recognition  systems\project5\project5\project5\Debug\link.7720-rc.write.1.tlog
E:\JIE course\speech recognition  systems\project5\project5\project5\Debug\link.7720.read.1.tlog
E:\JIE course\speech recognition  systems\project5\project5\project5\Debug\link.7720.write.1.tlog
E:\JIE course\speech recognition  systems\project5\project5\project5\Debug\link.7824-cvtres.read.1.tlog
E:\JIE course\speech recognition  systems\project5\project5\project5\Debug\link.7824-cvtres.write.1.tlog
E:\JIE course\speech recognition  systems\project5\project5\project5\Debug\link.7824-rc.read.1.tlog
E:\JIE course\speech recognition  systems\project5\project5\project5\Debug\link.7824-rc.write.1.tlog
E:\JIE course\speech recognition  systems\project5\project5\project5\Debug\link.7824.read.1.tlog
E:\JIE course\speech recognition  systems\project5\project5\project5\Debug\link.7824.write.1.tlog
E:\JIE course\speech recognition  systems\project5\project5\project5\Debug\link.8668-cvtres.read.1.tlog
E:\JIE course\speech recognition  systems\project5\project5\project5\Debug\link.8668-cvtres.write.1.tlog
E:\JIE course\speech recognition  systems\project5\project5\project5\Debug\link.8668-rc.read.1.tlog
E:\JIE course\speech recognition  systems\project5\project5\project5\Debug\link.8668-rc.write.1.tlog
E:\JIE course\speech recognition  systems\project5\project5\project5\Debug\link.8668.read.1.tlog
E:\JIE course\speech recognition  systems\project5\project5\project5\Debug\link.8668.write.1.tlog
E:\JIE course\speech recognition  systems\project5\project5\project5\Debug\link.8804-cvtres.read.1.tlog
E:\JIE course\speech recognition  systems\project5\project5\project5\Debug\link.8804-cvtres.write.1.tlog
E:\JIE course\speech recognition  systems\project5\project5\project5\Debug\link.8804-rc.read.1.tlog
E:\JIE course\speech recognition  systems\project5\project5\project5\Debug\link.8804-rc.write.1.tlog
E:\JIE course\speech recognition  systems\project5\project5\project5\Debug\link.8804.read.1.tlog
E:\JIE course\speech recognition  systems\project5\project5\project5\Debug\link.8804.write.1.tlog
E:\JIE course\speech recognition  systems\project5\project5\project5\Debug\link.9164-cvtres.read.1.tlog
E:\JIE course\speech recognition  systems\project5\project5\project5\Debug\link.9164-cvtres.write.1.tlog
E:\JIE course\speech recognition  systems\project5\project5\project5\Debug\link.9164-rc.read.1.tlog
E:\JIE course\speech recognition  systems\project5\project5\project5\Debug\link.9164-rc.write.1.tlog
E:\JIE course\speech recognition  systems\project5\project5\project5\Debug\link.9164.read.1.tlog
E:\JIE course\speech recognition  systems\project5\project5\project5\Debug\link.9164.write.1.tlog
E:\JIE course\speech recognition  systems\project5\project5\project5\Debug\link.9212-cvtres.read.1.tlog
E:\JIE course\speech recognition  systems\project5\project5\project5\Debug\link.9212-cvtres.write.1.tlog
E:\JIE course\speech recognition  systems\project5\project5\project5\Debug\link.9212-rc.read.1.tlog
E:\JIE course\speech recognition  systems\project5\project5\project5\Debug\link.9212-rc.write.1.tlog
E:\JIE course\speech recognition  systems\project5\project5\project5\Debug\link.9212.read.1.tlog
E:\JIE course\speech recognition  systems\project5\project5\project5\Debug\link.9212.write.1.tlog
E:\JIE course\speech recognition  systems\project5\project5\project5\Debug\link.command.1.tlog
E:\JIE course\speech recognition  systems\project5\project5\project5\Debug\link.read.1.tlog
E:\JIE course\speech recognition  systems\project5\project5\project5\Debug\link.write.1.tlog
E:\JIE course\speech recognition  systems\project5\project5\project5\Debug\vc110.idb
E:\JIE course\speech recognition  systems\project5\project5\project5\Debug\vc110.pdb
E:\JIE course\speech recognition  systems\project5\project5\Debug\project5.pdb
E:\JIE course\speech recognition  systems\project5\project5\Debug\project5.exe
E:\JIE course\speech recognition  systems\project5\project5\Debug\project5.ilk
