E:\JIE COURSE\SPEECH RECOGNITION  SYSTEMS\PROJECT3\MULTI-TEMPLATES\MULTI-TEMPLATES\DEBUG\MULTI-TEMPLATES.PCH
E:\JIE COURSE\SPEECH RECOGNITION  SYSTEMS\PROJECT3\MULTI-TEMPLATES\MULTI-TEMPLATES\DEBUG\STDAFX.OBJ
E:\JIE COURSE\SPEECH RECOGNITION  SYSTEMS\PROJECT3\MULTI-TEMPLATES\MULTI-TEMPLATES\DEBUG\VC110.PDB
E:\JIE COURSE\SPEECH RECOGNITION  SYSTEMS\PROJECT3\MULTI-TEMPLATES\MULTI-TEMPLATES\DEBUG\MULTI-TEMPLATES.OBJ
E:\JIE COURSE\SPEECH RECOGNITION  SYSTEMS\PROJECT3\MULTI-TEMPLATES\DEBUG\MULTI-TEMPLATES.ILK
E:\JIE COURSE\SPEECH RECOGNITION  SYSTEMS\PROJECT3\MULTI-TEMPLATES\DEBUG\MULTI-TEMPLATES.EXE
E:\JIE COURSE\SPEECH RECOGNITION  SYSTEMS\PROJECT3\MULTI-TEMPLATES\DEBUG\MULTI-TEMPLATES.PDB
E:\JIE course\speech recognition  systems\Project3\Multi-templates\Multi-templates\Debug\stdafx.obj
E:\JIE course\speech recognition  systems\Project3\Multi-templates\Multi-templates\Debug\cl.command.1.tlog
E:\JIE course\speech recognition  systems\Project3\Multi-templates\Multi-templates\Debug\CL.read.1.tlog
E:\JIE course\speech recognition  systems\Project3\Multi-templates\Multi-templates\Debug\CL.write.1.tlog
E:\JIE course\speech recognition  systems\Project3\Multi-templates\Multi-templates\Debug\link-cvtres.read.1.tlog
E:\JIE course\speech recognition  systems\Project3\Multi-templates\Multi-templates\Debug\link-cvtres.write.1.tlog
E:\JIE course\speech recognition  systems\Project3\Multi-templates\Multi-templates\Debug\link-rc.read.1.tlog
E:\JIE course\speech recognition  systems\Project3\Multi-templates\Multi-templates\Debug\link-rc.write.1.tlog
E:\JIE course\speech recognition  systems\Project3\Multi-templates\Multi-templates\Debug\link.10188-cvtres.read.1.tlog
E:\JIE course\speech recognition  systems\Project3\Multi-templates\Multi-templates\Debug\link.10188-cvtres.write.1.tlog
E:\JIE course\speech recognition  systems\Project3\Multi-templates\Multi-templates\Debug\link.10188-rc.read.1.tlog
E:\JIE course\speech recognition  systems\Project3\Multi-templates\Multi-templates\Debug\link.10188-rc.write.1.tlog
E:\JIE course\speech recognition  systems\Project3\Multi-templates\Multi-templates\Debug\link.10188.read.1.tlog
E:\JIE course\speech recognition  systems\Project3\Multi-templates\Multi-templates\Debug\link.10188.write.1.tlog
E:\JIE course\speech recognition  systems\Project3\Multi-templates\Multi-templates\Debug\link.5528-cvtres.read.1.tlog
E:\JIE course\speech recognition  systems\Project3\Multi-templates\Multi-templates\Debug\link.5528-cvtres.write.1.tlog
E:\JIE course\speech recognition  systems\Project3\Multi-templates\Multi-templates\Debug\link.5528-rc.read.1.tlog
E:\JIE course\speech recognition  systems\Project3\Multi-templates\Multi-templates\Debug\link.5528-rc.write.1.tlog
E:\JIE course\speech recognition  systems\Project3\Multi-templates\Multi-templates\Debug\link.5528.read.1.tlog
E:\JIE course\speech recognition  systems\Project3\Multi-templates\Multi-templates\Debug\link.5528.write.1.tlog
E:\JIE course\speech recognition  systems\Project3\Multi-templates\Multi-templates\Debug\link.6688-cvtres.read.1.tlog
E:\JIE course\speech recognition  systems\Project3\Multi-templates\Multi-templates\Debug\link.6688-cvtres.write.1.tlog
E:\JIE course\speech recognition  systems\Project3\Multi-templates\Multi-templates\Debug\link.6688-rc.read.1.tlog
E:\JIE course\speech recognition  systems\Project3\Multi-templates\Multi-templates\Debug\link.6688-rc.write.1.tlog
E:\JIE course\speech recognition  systems\Project3\Multi-templates\Multi-templates\Debug\link.6688.read.1.tlog
E:\JIE course\speech recognition  systems\Project3\Multi-templates\Multi-templates\Debug\link.6688.write.1.tlog
E:\JIE course\speech recognition  systems\Project3\Multi-templates\Multi-templates\Debug\link.command.1.tlog
E:\JIE course\speech recognition  systems\Project3\Multi-templates\Multi-templates\Debug\link.read.1.tlog
E:\JIE course\speech recognition  systems\Project3\Multi-templates\Multi-templates\Debug\link.write.1.tlog
E:\JIE course\speech recognition  systems\Project3\Multi-templates\Multi-templates\Debug\Multi-templates.pch
E:\JIE course\speech recognition  systems\Project3\Multi-templates\Multi-templates\Debug\vc110.idb
E:\JIE course\speech recognition  systems\Project3\Multi-templates\Multi-templates\Debug\vc110.pdb
E:\JIE course\speech recognition  systems\Project3\Multi-templates\Debug\Multi-templates.pdb
E:\JIE course\speech recognition  systems\Project3\Multi-templates\Debug\Multi-templates.exe
E:\JIE course\speech recognition  systems\Project3\Multi-templates\Debug\Multi-templates.ilk
