生成启动时间为 2014/10/6 11:40:31。
     1>项目“E:\JIE course\speech recognition  systems\Project3\third_step\third_step\third_step.vcxproj”在节点 2 上(Rebuild 个目标)。
     1>ClCompile:
         D:\Microsoft Visual Studio 11.0\VC\bin\CL.exe /c /Zi /nologo /W3 /WX- /sdl /O2 /Oi /Oy- /GL /D WIN32 /D NDEBUG /D _CONSOLE /D _UNICODE /D UNICODE /Gm- /EHsc /MD /GS /Gy /fp:precise /Zc:wchar_t /Zc:forScope /Yc"stdafx.h" /Fp"Release\third_step.pch" /Fo"Release\\" /Fd"Release\vc110.pdb" /Gd /TP /analyze- /errorReport:prompt stdafx.cpp
         stdafx.cpp
         D:\Microsoft Visual Studio 11.0\VC\bin\CL.exe /c /Zi /nologo /W3 /WX- /sdl /O2 /Oi /Oy- /GL /D WIN32 /D NDEBUG /D _CONSOLE /D _UNICODE /D UNICODE /Gm- /EHsc /MD /GS /Gy /fp:precise /Zc:wchar_t /Zc:forScope /Yu"stdafx.h" /Fp"Release\third_step.pch" /Fo"Release\\" /Fd"Release\vc110.pdb" /Gd /TP /analyze- /errorReport:prompt third_step.cpp
         third_step.cpp
     1>third_step.cpp(47): warning C4067: 预处理器指令后有意外标记 - 应输入换行符
     1>third_step.cpp(106): warning C4067: 预处理器指令后有意外标记 - 应输入换行符
     1>third_step.cpp(109): warning C4018: “<”: 有符号/无符号不匹配
     1>third_step.cpp(112): warning C4018: “<”: 有符号/无符号不匹配
     1>third_step.cpp(120): warning C4018: “<”: 有符号/无符号不匹配
     1>third_step.cpp(122): warning C4018: “<”: 有符号/无符号不匹配
     1>third_step.cpp(139): warning C4018: “<”: 有符号/无符号不匹配
     1>third_step.cpp(210): warning C4018: “<”: 有符号/无符号不匹配
     1>third_step.cpp(212): warning C4018: “<”: 有符号/无符号不匹配
     1>third_step.cpp(217): warning C4018: “<”: 有符号/无符号不匹配
     1>third_step.cpp(234): warning C4018: “<”: 有符号/无符号不匹配
       Link:
         D:\Microsoft Visual Studio 11.0\VC\bin\link.exe /ERRORREPORT:PROMPT /OUT:"E:\JIE course\speech recognition  systems\Project3\third_step\Release\third_step.exe" /INCREMENTAL:NO /NOLOGO kernel32.lib user32.lib gdi32.lib winspool.lib comdlg32.lib advapi32.lib shell32.lib ole32.lib oleaut32.lib uuid.lib odbc32.lib odbccp32.lib /MANIFEST /MANIFESTUAC:"level='asInvoker' uiAccess='false'" /manifest:embed /DEBUG /PDB:"E:\JIE course\speech recognition  systems\Project3\third_step\Release\third_step.pdb" /SUBSYSTEM:CONSOLE /OPT:REF /OPT:ICF /LTCG /TLBID:1 /DYNAMICBASE /NXCOMPAT /IMPLIB:"E:\JIE course\speech recognition  systems\Project3\third_step\Release\third_step.lib" /MACHINE:X86 /SAFESEH Release\stdafx.obj
         Release\third_step.obj
         正在生成代码
         已完成代码的生成
         third_step.vcxproj -> E:\JIE course\speech recognition  systems\Project3\third_step\Release\third_step.exe
     1>已完成生成项目“E:\JIE course\speech recognition  systems\Project3\third_step\third_step\third_step.vcxproj”(Rebuild 个目标)的操作。

生成成功。

已用时间 00:00:02.57
