C:\USERS\ZHENGYU\DESKTOP\PROJECT\KMEANTRAINING\KMEANTRAINING\DEBUG\FRAMEDATA.OBJ
C:\USERS\ZHENGYU\DESKTOP\PROJECT\KMEANTRAINING\KMEANTRAINING\DEBUG\KMEANDATA.OBJ
C:\USERS\ZHENGYU\DESKTOP\PROJECT\KMEANTRAINING\KMEANTRAINING\DEBUG\KMEANPROCESS.OBJ
C:\USERS\ZHENGYU\DESKTOP\PROJECT\KMEANTRAINING\KMEANTRAINING\DEBUG\MAIN.OBJ
C:\USERS\ZHENGYU\DESKTOP\PROJECT\KMEANTRAINING\KMEANTRAINING\DEBUG\READWAVE.OBJ
C:\USERS\ZHENGYU\DESKTOP\PROJECT\KMEANTRAINING\KMEANTRAINING\DEBUG\TRAININGDATA.OBJ
C:\USERS\ZHENGYU\DESKTOP\PROJECT\KMEANTRAINING\KMEANTRAINING\DEBUG\VC100.PDB
C:\USERS\QIUYI\DESKTOP\KMEANTRAINING\KMEANTRAINING\DEBUG\FRAMEDATA.OBJ
C:\USERS\QIUYI\DESKTOP\KMEANTRAINING\KMEANTRAINING\DEBUG\KMEANDATA.OBJ
C:\USERS\QIUYI\DESKTOP\KMEANTRAINING\KMEANTRAINING\DEBUG\KMEANPROCESS.OBJ
C:\USERS\QIUYI\DESKTOP\KMEANTRAINING\KMEANTRAINING\DEBUG\MAIN.OBJ
C:\USERS\QIUYI\DESKTOP\KMEANTRAINING\KMEANTRAINING\DEBUG\READWAVE.OBJ
C:\USERS\QIUYI\DESKTOP\KMEANTRAINING\KMEANTRAINING\DEBUG\TRAININGDATA.OBJ
C:\USERS\QIUYI\DESKTOP\KMEANTRAINING\KMEANTRAINING\DEBUG\VC110.PDB
C:\USERS\ZHENGYU\DESKTOP\PROJECT\KMEANTRAINING\DEBUG\KMEANTRAINING.ILK
C:\USERS\ZHENGYU\DESKTOP\PROJECT\KMEANTRAINING\DEBUG\KMEANTRAINING.EXE
C:\USERS\ZHENGYU\DESKTOP\PROJECT\KMEANTRAINING\KMEANTRAINING\DEBUG\KMEANTRAINING.EXE.INTERMEDIATE.MANIFEST
C:\USERS\ZHENGYU\DESKTOP\PROJECT\KMEANTRAINING\DEBUG\KMEANTRAINING.PDB
C:\USERS\ZHENGYU\DESKTOP\PROJECT\KMEANTRAINING\KMEANTRAINING\DEBUG\KMEANTRAINING.EXE.EMBED.MANIFEST
C:\USERS\ZHENGYU\DESKTOP\PROJECT\KMEANTRAINING\KMEANTRAINING\DEBUG\KMEANTRAINING.EXE.EMBED.MANIFEST.RES
C:\Users\Qiuyi\Desktop\Kmeantraining\Kmeantraining\Debug\framedata.obj
C:\Users\Qiuyi\Desktop\Kmeantraining\Kmeantraining\Debug\kmeandata.obj
C:\Users\Qiuyi\Desktop\Kmeantraining\Kmeantraining\Debug\kmeanprocess.obj
C:\Users\Qiuyi\Desktop\Kmeantraining\Kmeantraining\Debug\main.obj
C:\Users\Qiuyi\Desktop\Kmeantraining\Kmeantraining\Debug\readwave.obj
C:\Users\Qiuyi\Desktop\Kmeantraining\Kmeantraining\Debug\trainingdata.obj
C:\Users\Qiuyi\Desktop\Kmeantraining\Kmeantraining\Debug\cl.command.1.tlog
C:\Users\Qiuyi\Desktop\Kmeantraining\Kmeantraining\Debug\CL.read.1.tlog
C:\Users\Qiuyi\Desktop\Kmeantraining\Kmeantraining\Debug\CL.write.1.tlog
C:\Users\Qiuyi\Desktop\Kmeantraining\Kmeantraining\Debug\link-cvtres.read.1.tlog
C:\Users\Qiuyi\Desktop\Kmeantraining\Kmeantraining\Debug\link-cvtres.write.1.tlog
C:\Users\Qiuyi\Desktop\Kmeantraining\Kmeantraining\Debug\link-rc.read.1.tlog
C:\Users\Qiuyi\Desktop\Kmeantraining\Kmeantraining\Debug\link-rc.write.1.tlog
C:\Users\Qiuyi\Desktop\Kmeantraining\Kmeantraining\Debug\link.21968-cvtres.read.1.tlog
C:\Users\Qiuyi\Desktop\Kmeantraining\Kmeantraining\Debug\link.21968-cvtres.write.1.tlog
C:\Users\Qiuyi\Desktop\Kmeantraining\Kmeantraining\Debug\link.21968.read.1.tlog
C:\Users\Qiuyi\Desktop\Kmeantraining\Kmeantraining\Debug\link.21968.write.1.tlog
C:\Users\Qiuyi\Desktop\Kmeantraining\Kmeantraining\Debug\link.3356-cvtres.read.1.tlog
C:\Users\Qiuyi\Desktop\Kmeantraining\Kmeantraining\Debug\link.3356-cvtres.write.1.tlog
C:\Users\Qiuyi\Desktop\Kmeantraining\Kmeantraining\Debug\link.3356.read.1.tlog
C:\Users\Qiuyi\Desktop\Kmeantraining\Kmeantraining\Debug\link.3356.write.1.tlog
C:\Users\Qiuyi\Desktop\Kmeantraining\Kmeantraining\Debug\link.5956-cvtres.read.1.tlog
C:\Users\Qiuyi\Desktop\Kmeantraining\Kmeantraining\Debug\link.5956-cvtres.write.1.tlog
C:\Users\Qiuyi\Desktop\Kmeantraining\Kmeantraining\Debug\link.5956.read.1.tlog
C:\Users\Qiuyi\Desktop\Kmeantraining\Kmeantraining\Debug\link.5956.write.1.tlog
C:\Users\Qiuyi\Desktop\Kmeantraining\Kmeantraining\Debug\link.7100-cvtres.read.1.tlog
C:\Users\Qiuyi\Desktop\Kmeantraining\Kmeantraining\Debug\link.7100-cvtres.write.1.tlog
C:\Users\Qiuyi\Desktop\Kmeantraining\Kmeantraining\Debug\link.7100.read.1.tlog
C:\Users\Qiuyi\Desktop\Kmeantraining\Kmeantraining\Debug\link.7100.write.1.tlog
C:\Users\Qiuyi\Desktop\Kmeantraining\Kmeantraining\Debug\link.8384-cvtres.read.1.tlog
C:\Users\Qiuyi\Desktop\Kmeantraining\Kmeantraining\Debug\link.8384-cvtres.write.1.tlog
C:\Users\Qiuyi\Desktop\Kmeantraining\Kmeantraining\Debug\link.8384.read.1.tlog
C:\Users\Qiuyi\Desktop\Kmeantraining\Kmeantraining\Debug\link.8384.write.1.tlog
C:\Users\Qiuyi\Desktop\Kmeantraining\Kmeantraining\Debug\link.8404-cvtres.read.1.tlog
C:\Users\Qiuyi\Desktop\Kmeantraining\Kmeantraining\Debug\link.8404-cvtres.write.1.tlog
C:\Users\Qiuyi\Desktop\Kmeantraining\Kmeantraining\Debug\link.8404.read.1.tlog
C:\Users\Qiuyi\Desktop\Kmeantraining\Kmeantraining\Debug\link.8404.write.1.tlog
C:\Users\Qiuyi\Desktop\Kmeantraining\Kmeantraining\Debug\link.9752-cvtres.read.1.tlog
C:\Users\Qiuyi\Desktop\Kmeantraining\Kmeantraining\Debug\link.9752-cvtres.write.1.tlog
C:\Users\Qiuyi\Desktop\Kmeantraining\Kmeantraining\Debug\link.9752.read.1.tlog
C:\Users\Qiuyi\Desktop\Kmeantraining\Kmeantraining\Debug\link.9752.write.1.tlog
C:\Users\Qiuyi\Desktop\Kmeantraining\Kmeantraining\Debug\link.command.1.tlog
C:\Users\Qiuyi\Desktop\Kmeantraining\Kmeantraining\Debug\link.read.1.tlog
C:\Users\Qiuyi\Desktop\Kmeantraining\Kmeantraining\Debug\link.write.1.tlog
C:\Users\Qiuyi\Desktop\Kmeantraining\Kmeantraining\Debug\mt.command.1.tlog
C:\Users\Qiuyi\Desktop\Kmeantraining\Kmeantraining\Debug\mt.read.1.tlog
C:\Users\Qiuyi\Desktop\Kmeantraining\Kmeantraining\Debug\mt.write.1.tlog
C:\Users\Qiuyi\Desktop\Kmeantraining\Kmeantraining\Debug\rc.command.1.tlog
C:\Users\Qiuyi\Desktop\Kmeantraining\Kmeantraining\Debug\rc.read.1.tlog
C:\Users\Qiuyi\Desktop\Kmeantraining\Kmeantraining\Debug\rc.write.1.tlog
C:\Users\Qiuyi\Desktop\Kmeantraining\Kmeantraining\Debug\Kmeantraining.exe.embed.manifest
C:\Users\Qiuyi\Desktop\Kmeantraining\Kmeantraining\Debug\Kmeantraining.exe.intermediate.manifest
C:\Users\Qiuyi\Desktop\Kmeantraining\Kmeantraining\Debug\Kmeantraining.exe.embed.manifest.res
C:\Users\Qiuyi\Desktop\Kmeantraining\Kmeantraining\Debug\vc100.idb
C:\Users\Qiuyi\Desktop\Kmeantraining\Kmeantraining\Debug\vc110.idb
C:\Users\Qiuyi\Desktop\Kmeantraining\Kmeantraining\Debug\vc100.pdb
C:\Users\Qiuyi\Desktop\Kmeantraining\Kmeantraining\Debug\vc110.pdb
C:\Users\Qiuyi\Desktop\Kmeantraining\Kmeantraining\Debug\Kmeantraining_manifest.rc
C:\Users\Qiuyi\Desktop\Kmeantraining\Debug\Kmeantraining.pdb
