E:\JIE COURSE\SPEECH RECOGNITION  SYSTEMS\PROJECT4\DCT\DCT\RELEASE\DCT.PCH
E:\JIE COURSE\SPEECH RECOGNITION  SYSTEMS\PROJECT4\DCT\DCT\RELEASE\STDAFX.OBJ
E:\JIE COURSE\SPEECH RECOGNITION  SYSTEMS\PROJECT4\DCT\DCT\RELEASE\VC110.PDB
E:\JIE COURSE\SPEECH RECOGNITION  SYSTEMS\PROJECT4\DCT\DCT\RELEASE\MAIN.OBJ
E:\JIE COURSE\SPEECH RECOGNITION  SYSTEMS\PROJECT4\DCT\DCT\RELEASE\GET_DISTANCE.OBJ
E:\JIE COURSE\SPEECH RECOGNITION  SYSTEMS\PROJECT4\DCT\DCT\RELEASE\DTW.OBJ
E:\JIE COURSE\SPEECH RECOGNITION  SYSTEMS\PROJECT4\DCT\DCT\RELEASE\READ_TEMPLATE.OBJ
E:\JIE COURSE\SPEECH RECOGNITION  SYSTEMS\PROJECT4\DCT\DCT\RELEASE\MULTIPLE_TEMPLATE_PATH.OBJ
E:\JIE COURSE\SPEECH RECOGNITION  SYSTEMS\PROJECT4\DCT\DCT\RELEASE\INPUT_FILE.OBJ
E:\JIE COURSE\SPEECH RECOGNITION  SYSTEMS\PROJECT4\DCT\DCT\RELEASE\RECORDED_COMPARE.OBJ
E:\JIE course\speech recognition  systems\project4\DCT\DCT\Release\DTW.obj
E:\JIE course\speech recognition  systems\project4\DCT\DCT\Release\get_distance.obj
E:\JIE course\speech recognition  systems\project4\DCT\DCT\Release\input_file.obj
E:\JIE course\speech recognition  systems\project4\DCT\DCT\Release\main.obj
E:\JIE course\speech recognition  systems\project4\DCT\DCT\Release\multiple_template_path.obj
E:\JIE course\speech recognition  systems\project4\DCT\DCT\Release\read_template.obj
E:\JIE course\speech recognition  systems\project4\DCT\DCT\Release\recorded_compare.obj
E:\JIE course\speech recognition  systems\project4\DCT\DCT\Release\stdafx.obj
E:\JIE course\speech recognition  systems\project4\DCT\DCT\Release\cl.command.1.tlog
E:\JIE course\speech recognition  systems\project4\DCT\DCT\Release\CL.read.1.tlog
E:\JIE course\speech recognition  systems\project4\DCT\DCT\Release\CL.write.1.tlog
E:\JIE course\speech recognition  systems\project4\DCT\DCT\Release\DCT.pch
E:\JIE course\speech recognition  systems\project4\DCT\DCT\Release\vc110.pdb
