E:\JIE COURSE\SPEECH RECOGNITION  SYSTEMS\PROJECT4\DCT_STAGE3\DCT\DEBUG\DCT.PCH
E:\JIE COURSE\SPEECH RECOGNITION  SYSTEMS\PROJECT4\DCT_STAGE3\DCT\DEBUG\STDAFX.OBJ
E:\JIE COURSE\SPEECH RECOGNITION  SYSTEMS\PROJECT4\DCT_STAGE3\DCT\DEBUG\VC110.PDB
E:\JIE COURSE\SPEECH RECOGNITION  SYSTEMS\PROJECT4\DCT_STAGE3\DCT\DEBUG\READWAVE.OBJ
E:\JIE COURSE\SPEECH RECOGNITION  SYSTEMS\PROJECT4\DCT_STAGE3\DCT\DEBUG\FRAMEDATA.OBJ
E:\JIE COURSE\SPEECH RECOGNITION  SYSTEMS\PROJECT4\DCT_STAGE3\DCT\DEBUG\HMM.OBJ
E:\JIE COURSE\SPEECH RECOGNITION  SYSTEMS\PROJECT4\DCT_STAGE3\DCT\DEBUG\INPUT_FILE.OBJ
E:\JIE COURSE\SPEECH RECOGNITION  SYSTEMS\PROJECT4\DCT_STAGE3\DCT\DEBUG\KMEANPROCESS.OBJ
E:\JIE COURSE\SPEECH RECOGNITION  SYSTEMS\PROJECT4\DCT_STAGE3\DCT\DEBUG\MULTIPLE_TEMPLATE_PATH.OBJ
E:\JIE COURSE\SPEECH RECOGNITION  SYSTEMS\PROJECT4\DCT_STAGE3\DCT\DEBUG\READ_TEMPLATE.OBJ
E:\JIE COURSE\SPEECH RECOGNITION  SYSTEMS\PROJECT4\DCT_STAGE3\DCT\DEBUG\DCT.OBJ
E:\JIE COURSE\SPEECH RECOGNITION  SYSTEMS\PROJECT4\DCT_STAGE3\DCT\DEBUG\DTW.OBJ
E:\JIE COURSE\SPEECH RECOGNITION  SYSTEMS\PROJECT4\DCT_STAGE3\DCT\DEBUG\GET_DISTANCE.OBJ
E:\JIE COURSE\SPEECH RECOGNITION  SYSTEMS\PROJECT4\DCT_STAGE3\DCT\DEBUG\MAIN.OBJ
E:\JIE COURSE\SPEECH RECOGNITION  SYSTEMS\PROJECT4\DCT_STAGE3\DCT\DEBUG\TRAININGDATA.OBJ
E:\JIE COURSE\SPEECH RECOGNITION  SYSTEMS\PROJECT4\DCT_STAGE3\DEBUG\DCT.ILK
E:\JIE COURSE\SPEECH RECOGNITION  SYSTEMS\PROJECT4\DCT_STAGE3\DEBUG\DCT.EXE
E:\JIE COURSE\SPEECH RECOGNITION  SYSTEMS\PROJECT4\DCT_STAGE3\DEBUG\DCT.PDB
E:\JIE course\speech recognition  systems\project4\DCT_stage3\DCT\Debug\DCT.obj
E:\JIE course\speech recognition  systems\project4\DCT_stage3\DCT\Debug\DTW.obj
E:\JIE course\speech recognition  systems\project4\DCT_stage3\DCT\Debug\framedata.obj
E:\JIE course\speech recognition  systems\project4\DCT_stage3\DCT\Debug\get_distance.obj
E:\JIE course\speech recognition  systems\project4\DCT_stage3\DCT\Debug\Hmm.obj
E:\JIE course\speech recognition  systems\project4\DCT_stage3\DCT\Debug\input_file.obj
E:\JIE course\speech recognition  systems\project4\DCT_stage3\DCT\Debug\kmeanprocess.obj
E:\JIE course\speech recognition  systems\project4\DCT_stage3\DCT\Debug\main.obj
E:\JIE course\speech recognition  systems\project4\DCT_stage3\DCT\Debug\multiple_template_path.obj
E:\JIE course\speech recognition  systems\project4\DCT_stage3\DCT\Debug\readwave.obj
E:\JIE course\speech recognition  systems\project4\DCT_stage3\DCT\Debug\read_template.obj
E:\JIE course\speech recognition  systems\project4\DCT_stage3\DCT\Debug\stdafx.obj
E:\JIE course\speech recognition  systems\project4\DCT_stage3\DCT\Debug\trainingdata.obj
E:\JIE course\speech recognition  systems\project4\DCT_stage3\DCT\Debug\cl.command.1.tlog
E:\JIE course\speech recognition  systems\project4\DCT_stage3\DCT\Debug\CL.read.1.tlog
E:\JIE course\speech recognition  systems\project4\DCT_stage3\DCT\Debug\CL.write.1.tlog
E:\JIE course\speech recognition  systems\project4\DCT_stage3\DCT\Debug\link-cvtres.read.1.tlog
E:\JIE course\speech recognition  systems\project4\DCT_stage3\DCT\Debug\link-cvtres.write.1.tlog
E:\JIE course\speech recognition  systems\project4\DCT_stage3\DCT\Debug\link-rc.read.1.tlog
E:\JIE course\speech recognition  systems\project4\DCT_stage3\DCT\Debug\link-rc.write.1.tlog
E:\JIE course\speech recognition  systems\project4\DCT_stage3\DCT\Debug\link.command.1.tlog
E:\JIE course\speech recognition  systems\project4\DCT_stage3\DCT\Debug\link.read.1.tlog
E:\JIE course\speech recognition  systems\project4\DCT_stage3\DCT\Debug\link.write.1.tlog
E:\JIE course\speech recognition  systems\project4\DCT_stage3\DCT\Debug\DCT.pch
E:\JIE course\speech recognition  systems\project4\DCT_stage3\DCT\Debug\vc110.idb
E:\JIE course\speech recognition  systems\project4\DCT_stage3\DCT\Debug\vc110.pdb
E:\JIE course\speech recognition  systems\project4\DCT_stage3\Debug\DCT.pdb
E:\JIE course\speech recognition  systems\project4\DCT_stage3\Debug\DCT.exe
E:\JIE course\speech recognition  systems\project4\DCT_stage3\Debug\DCT.ilk
