生成启动时间为 2014/10/26 0:14:28。
     1>项目“E:\JIE course\speech recognition  systems\project4\DCT\DCT\DCT.vcxproj”在节点 2 上(Rebuild 个目标)。
     1>ClCompile:
         D:\Microsoft Visual Studio 11.0\VC\bin\CL.exe /c /Zi /nologo /W3 /WX- /sdl /O2 /Oi /Oy- /GL /D WIN32 /D NDEBUG /D _CONSOLE /D _UNICODE /D UNICODE /Gm- /EHsc /MD /GS /Gy /fp:precise /Zc:wchar_t /Zc:forScope /Yc"stdafx.h" /Fp"Release\DCT.pch" /Fo"Release\\" /Fd"Release\vc110.pdb" /Gd /TP /analyze- /errorReport:prompt stdafx.cpp
         stdafx.cpp
         D:\Microsoft Visual Studio 11.0\VC\bin\CL.exe /c /Zi /nologo /W3 /WX- /sdl /O2 /Oi /Oy- /GL /D WIN32 /D NDEBUG /D _CONSOLE /D _UNICODE /D UNICODE /Gm- /EHsc /MD /GS /Gy /fp:precise /Zc:wchar_t /Zc:forScope /Yu"stdafx.h" /Fp"Release\DCT.pch" /Fo"Release\\" /Fd"Release\vc110.pdb" /Gd /TP /analyze- /errorReport:prompt ..\..\..\project1\project1\my_final_project1_tcode\include\readwave.cpp recorded_compare.cpp input_file.cpp multiple_template_path.cpp read_template.cpp DCT.cpp DTW.cpp get_distance.cpp main.cpp
         readwave.cpp
     1>..\..\..\project1\project1\my_final_project1_tcode\include\readwave.cpp(41): error C4996: 'fopen': This function or variable may be unsafe. Consider using fopen_s instead. To disable deprecation, use _CRT_SECURE_NO_WARNINGS. See online help for details.
                 D:\Microsoft Visual Studio 11.0\VC\include\stdio.h(218) : 参见“fopen”的声明
     1>..\..\..\project1\project1\my_final_project1_tcode\include\readwave.cpp(68): error C4996: 'strcpy': This function or variable may be unsafe. Consider using strcpy_s instead. To disable deprecation, use _CRT_SECURE_NO_WARNINGS. See online help for details.
                 D:\Microsoft Visual Studio 11.0\VC\include\string.h(110) : 参见“strcpy”的声明
     1>..\..\..\project1\project1\my_final_project1_tcode\include\readwave.cpp(69): error C4996: 'strcpy': This function or variable may be unsafe. Consider using strcpy_s instead. To disable deprecation, use _CRT_SECURE_NO_WARNINGS. See online help for details.
                 D:\Microsoft Visual Studio 11.0\VC\include\string.h(110) : 参见“strcpy”的声明
     1>..\..\..\project1\project1\my_final_project1_tcode\include\readwave.cpp(78): error C4996: 'strcpy': This function or variable may be unsafe. Consider using strcpy_s instead. To disable deprecation, use _CRT_SECURE_NO_WARNINGS. See online help for details.
                 D:\Microsoft Visual Studio 11.0\VC\include\string.h(110) : 参见“strcpy”的声明
         recorded_compare.cpp
     1>recorded_compare.cpp(41): warning C4018: “<”: 有符号/无符号不匹配
     1>recorded_compare.cpp(146): warning C4018: “<”: 有符号/无符号不匹配
         input_file.cpp
         multiple_template_path.cpp
     1>multiple_template_path.cpp(43): warning C4129: “z”: 不可识别的字符转义序列
     1>multiple_template_path.cpp(57): warning C4129: “o”: 不可识别的字符转义序列
         read_template.cpp
         DCT.cpp
     1>DCT.cpp(5): fatal error C1083: 无法打开包括文件:“portaudio.h”: No such file or directory
         DTW.cpp
         get_distance.cpp
         main.cpp
     1>已完成生成项目“E:\JIE course\speech recognition  systems\project4\DCT\DCT\DCT.vcxproj”(Rebuild 个目标)的操作 - 失败。

生成失败。

已用时间 00:00:07.36
