E:\JIE COURSE\SPEECH RECOGNITION  SYSTEMS\PROJECT4\SYNCHRONOUS_DTW\SYNCHRONOUS_DTW\DEBUG\SYNCHRONOUS_DTW.PCH
E:\JIE COURSE\SPEECH RECOGNITION  SYSTEMS\PROJECT4\SYNCHRONOUS_DTW\SYNCHRONOUS_DTW\DEBUG\STDAFX.OBJ
E:\JIE COURSE\SPEECH RECOGNITION  SYSTEMS\PROJECT4\SYNCHRONOUS_DTW\SYNCHRONOUS_DTW\DEBUG\VC110.PDB
E:\JIE COURSE\SPEECH RECOGNITION  SYSTEMS\PROJECT4\SYNCHRONOUS_DTW\SYNCHRONOUS_DTW\DEBUG\READ_TEMPLATE.OBJ
E:\JIE COURSE\SPEECH RECOGNITION  SYSTEMS\PROJECT4\SYNCHRONOUS_DTW\SYNCHRONOUS_DTW\DEBUG\SYNCHRONOUS.OBJ
E:\JIE COURSE\SPEECH RECOGNITION  SYSTEMS\PROJECT4\SYNCHRONOUS_DTW\SYNCHRONOUS_DTW\DEBUG\PILE_UP.OBJ
E:\JIE COURSE\SPEECH RECOGNITION  SYSTEMS\PROJECT4\SYNCHRONOUS_DTW\SYNCHRONOUS_DTW\DEBUG\GET_DISTANCE.OBJ
E:\JIE course\speech recognition  systems\project4\Synchronous_DTW\Synchronous_DTW\Debug\get_distance.obj
E:\JIE course\speech recognition  systems\project4\Synchronous_DTW\Synchronous_DTW\Debug\pile_up.obj
E:\JIE course\speech recognition  systems\project4\Synchronous_DTW\Synchronous_DTW\Debug\read_template.obj
E:\JIE course\speech recognition  systems\project4\Synchronous_DTW\Synchronous_DTW\Debug\stdafx.obj
E:\JIE course\speech recognition  systems\project4\Synchronous_DTW\Synchronous_DTW\Debug\Synchronous.obj
E:\JIE course\speech recognition  systems\project4\Synchronous_DTW\Synchronous_DTW\Debug\cl.command.1.tlog
E:\JIE course\speech recognition  systems\project4\Synchronous_DTW\Synchronous_DTW\Debug\CL.read.1.tlog
E:\JIE course\speech recognition  systems\project4\Synchronous_DTW\Synchronous_DTW\Debug\CL.write.1.tlog
E:\JIE course\speech recognition  systems\project4\Synchronous_DTW\Synchronous_DTW\Debug\link-cvtres.read.1.tlog
E:\JIE course\speech recognition  systems\project4\Synchronous_DTW\Synchronous_DTW\Debug\link-cvtres.write.1.tlog
E:\JIE course\speech recognition  systems\project4\Synchronous_DTW\Synchronous_DTW\Debug\link-rc.read.1.tlog
E:\JIE course\speech recognition  systems\project4\Synchronous_DTW\Synchronous_DTW\Debug\link-rc.write.1.tlog
E:\JIE course\speech recognition  systems\project4\Synchronous_DTW\Synchronous_DTW\Debug\link.8888-cvtres.read.1.tlog
E:\JIE course\speech recognition  systems\project4\Synchronous_DTW\Synchronous_DTW\Debug\link.8888-cvtres.write.1.tlog
E:\JIE course\speech recognition  systems\project4\Synchronous_DTW\Synchronous_DTW\Debug\link.8888-rc.read.1.tlog
E:\JIE course\speech recognition  systems\project4\Synchronous_DTW\Synchronous_DTW\Debug\link.8888-rc.write.1.tlog
E:\JIE course\speech recognition  systems\project4\Synchronous_DTW\Synchronous_DTW\Debug\link.8888.read.1.tlog
E:\JIE course\speech recognition  systems\project4\Synchronous_DTW\Synchronous_DTW\Debug\link.8888.write.1.tlog
E:\JIE course\speech recognition  systems\project4\Synchronous_DTW\Synchronous_DTW\Debug\link.command.1.tlog
E:\JIE course\speech recognition  systems\project4\Synchronous_DTW\Synchronous_DTW\Debug\link.read.1.tlog
E:\JIE course\speech recognition  systems\project4\Synchronous_DTW\Synchronous_DTW\Debug\link.write.1.tlog
E:\JIE course\speech recognition  systems\project4\Synchronous_DTW\Synchronous_DTW\Debug\Synchronous_DTW.pch
E:\JIE course\speech recognition  systems\project4\Synchronous_DTW\Synchronous_DTW\Debug\vc110.idb
E:\JIE course\speech recognition  systems\project4\Synchronous_DTW\Synchronous_DTW\Debug\vc110.pdb
E:\JIE course\speech recognition  systems\project4\Synchronous_DTW\Debug\Synchronous_DTW.pdb
E:\JIE course\speech recognition  systems\project4\Synchronous_DTW\Debug\Synchronous_DTW.exe
E:\JIE course\speech recognition  systems\project4\Synchronous_DTW\Debug\Synchronous_DTW.ilk
