生成启动时间为 2014/12/9 13:57:39。
     1>项目“E:\JIE course\speech recognition  systems\project4\Final_project_6\DCT\DCT.vcxproj”在节点 2 上(Build 个目标)。
     1>ClCompile:
         D:\Microsoft Visual Studio 11.0\VC\bin\CL.exe /c /ZI /nologo /W3 /WX- /sdl /Od /Oy- /D WIN32 /D _DEBUG /D _CONSOLE /D _CRT_SECURE_NO_WARNINGS /D _UNICODE /D UNICODE /Gm /EHsc /RTC1 /MDd /GS /fp:precise /Zc:wchar_t /Zc:forScope /Yc"stdafx.h" /Fp"Debug\DCT.pch" /Fo"Debug\\" /Fd"Debug\vc110.pdb" /Gd /TP /analyze- /errorReport:prompt stdafx.cpp
         stdafx.cpp
         D:\Microsoft Visual Studio 11.0\VC\bin\CL.exe /c /ZI /nologo /W3 /WX- /sdl /Od /Oy- /D WIN32 /D _DEBUG /D _CONSOLE /D _CRT_SECURE_NO_WARNINGS /D _UNICODE /D UNICODE /Gm /EHsc /RTC1 /MDd /GS /fp:precise /Zc:wchar_t /Zc:forScope /Yu"stdafx.h" /Fp"Debug\DCT.pch" /Fo"Debug\\" /Fd"Debug\vc110.pdb" /Gd /TP /analyze- /errorReport:prompt ..\..\..\project1\project1\my_final_project1_tcode\include\readwave.cpp DCT.cpp DTW.cpp Hmm.cpp framedata.cpp get_distance.cpp input_file.cpp kmeanprocess.cpp main.cpp multiple_template_path.cpp read_template.cpp trainingdata.cpp
         trainingdata.cpp
         read_template.cpp
         multiple_template_path.cpp
     1>e:\jie course\speech recognition  systems\project4\final_project_6\dct\multiple_template_path.cpp(43): warning C4129: “z”: 不可识别的字符转义序列
     1>e:\jie course\speech recognition  systems\project4\final_project_6\dct\multiple_template_path.cpp(57): warning C4129: “o”: 不可识别的字符转义序列
         main.cpp
         kmeanprocess.cpp
     1>e:\jie course\speech recognition  systems\project4\final_project_6\dct\kmeanprocess.cpp(21): warning C4091: “typedef ”: 没有声明变量时忽略“kmean”的左侧
     1>e:\jie course\speech recognition  systems\project4\final_project_6\dct\kmeanprocess.cpp(65): warning C4244: “=”: 从“double”转换到“int”，可能丢失数据
     1>e:\jie course\speech recognition  systems\project4\final_project_6\dct\kmeanprocess.cpp(67): warning C4244: “=”: 从“double”转换到“int”，可能丢失数据
     1>e:\jie course\speech recognition  systems\project4\final_project_6\dct\kmeanprocess.cpp(28): warning C4101: “temp”: 未引用的局部变量
         input_file.cpp
         get_distance.cpp
         framedata.cpp
         Hmm.cpp
         DTW.cpp
         DCT.cpp
     1>e:\jie course\speech recognition  systems\project4\final_project_6\dct\dct.cpp(85): warning C4244: “初始化”: 从“double”转换到“int”，可能丢失数据
     1>e:\jie course\speech recognition  systems\project4\final_project_6\dct\dct.cpp(248): warning C4244: “=”: 从“double”转换到“SAMPLE”，可能丢失数据
     1>e:\jie course\speech recognition  systems\project4\final_project_6\dct\dct.cpp(280): warning C4244: “参数”: 从“long double”转换到“SAMPLE”，可能丢失数据
     1>e:\jie course\speech recognition  systems\project4\final_project_6\dct\dct.cpp(304): warning C4244: “初始化”: 从“double”转换到“time_t”，可能丢失数据
     1>e:\jie course\speech recognition  systems\project4\final_project_6\dct\dct.cpp(309): warning C4244: “=”: 从“double”转换到“time_t”，可能丢失数据
     1>e:\jie course\speech recognition  systems\project4\final_project_6\dct\dct.cpp(325): warning C4305: “初始化”: 从“double”到“float”截断
     1>e:\jie course\speech recognition  systems\project4\final_project_6\dct\dct.cpp(327): warning C4244: “初始化”: 从“double”转换到“SAMPLE”，可能丢失数据
     1>e:\jie course\speech recognition  systems\project4\final_project_6\dct\dct.cpp(523): warning C4018: “<”: 有符号/无符号不匹配
     1>e:\jie course\speech recognition  systems\project4\final_project_6\dct\dct.cpp(541): warning C4018: “<”: 有符号/无符号不匹配
     1>e:\jie course\speech recognition  systems\project4\final_project_6\dct\dct.cpp(560): warning C4018: “<”: 有符号/无符号不匹配
     1>e:\jie course\speech recognition  systems\project4\final_project_6\dct\dct.cpp(573): warning C4018: “<”: 有符号/无符号不匹配
     1>e:\jie course\speech recognition  systems\project4\final_project_6\dct\dct.cpp(762): warning C4244: “=”: 从“double”转换到“SAMPLE”，可能丢失数据
     1>e:\jie course\speech recognition  systems\project4\final_project_6\dct\dct.cpp(790): warning C4244: “参数”: 从“double”转换到“const short”，可能丢失数据
     1>e:\jie course\speech recognition  systems\project4\final_project_6\dct\dct.cpp(876): warning C4244: “+=”: 从“double”转换到“float”，可能丢失数据
     1>e:\jie course\speech recognition  systems\project4\final_project_6\dct\dct.cpp(878): warning C4244: “+=”: 从“double”转换到“float”，可能丢失数据
     1>e:\jie course\speech recognition  systems\project4\final_project_6\dct\dct.cpp(1032): warning C4018: “<”: 有符号/无符号不匹配
     1>e:\jie course\speech recognition  systems\project4\final_project_6\dct\dct.cpp(409): warning C4101: “filenumBytes”: 未引用的局部变量
     1>e:\jie course\speech recognition  systems\project4\final_project_6\dct\dct.cpp(411): warning C4101: “val”: 未引用的局部变量
     1>e:\jie course\speech recognition  systems\project4\final_project_6\dct\dct.cpp(405): warning C4101: “filedatatofalFrames”: 未引用的局部变量
     1>e:\jie course\speech recognition  systems\project4\final_project_6\dct\dct.cpp(407): warning C4101: “filenumSamples”: 未引用的局部变量
         readwave.cpp
         正在生成代码...
     1>e:\jie course\speech recognition  systems\project4\final_project_6\dct\dtw.cpp(190): warning C4715: “DTW”: 不是所有的控件路径都返回值
       Link:
         D:\Microsoft Visual Studio 11.0\VC\bin\link.exe /ERRORREPORT:PROMPT /OUT:"E:\JIE course\speech recognition  systems\project4\Final_project_6\Debug\DCT.exe" /INCREMENTAL /NOLOGO kernel32.lib user32.lib gdi32.lib winspool.lib comdlg32.lib advapi32.lib shell32.lib ole32.lib oleaut32.lib uuid.lib odbc32.lib odbccp32.lib /MANIFEST /MANIFESTUAC:"level='asInvoker' uiAccess='false'" /manifest:embed /DEBUG /PDB:"E:\JIE course\speech recognition  systems\project4\Final_project_6\Debug\DCT.pdb" /SUBSYSTEM:CONSOLE /TLBID:1 /DYNAMICBASE /NXCOMPAT /IMPLIB:"E:\JIE course\speech recognition  systems\project4\Final_project_6\Debug\DCT.lib" /MACHINE:X86 Debug\readwave.obj
         Debug\framedata.obj
         Debug\Hmm.obj
         Debug\input_file.obj
         Debug\kmeanprocess.obj
         Debug\main.obj
         Debug\multiple_template_path.obj
         Debug\read_template.obj
         Debug\DCT.obj
         Debug\DTW.obj
         Debug\get_distance.obj
         Debug\stdafx.obj
         Debug\trainingdata.obj
         ..\lib\portaudio_x86.lib
         DCT.vcxproj -> E:\JIE course\speech recognition  systems\project4\Final_project_6\Debug\DCT.exe
     1>已完成生成项目“E:\JIE course\speech recognition  systems\project4\Final_project_6\DCT\DCT.vcxproj”(Build 个目标)的操作。

生成成功。

已用时间 00:00:21.96
