E:\JIE COURSE\SPEECH RECOGNITION  SYSTEMS\PROJECT1\PROJECT1\MY_FINAL_PROJECT1_TCODE\PORTAUDIO_PROJECT1\DEBUG\READWAVE.OBJ
E:\JIE COURSE\SPEECH RECOGNITION  SYSTEMS\PROJECT1\PROJECT1\MY_FINAL_PROJECT1_TCODE\PORTAUDIO_PROJECT1\DEBUG\TEST.OBJ
E:\JIE COURSE\SPEECH RECOGNITION  SYSTEMS\PROJECT1\PROJECT1\MY_FINAL_PROJECT1_TCODE\PORTAUDIO_PROJECT1\DEBUG\VC100.PDB
E:\JIE COURSE\SPEECH RECOGNITION  SYSTEMS\PROJECT1\PROJECT1\MY_FINAL_PROJECT1_TCODE\DEBUG\PORTAUDIO_PROJECT1.EXE
E:\JIE COURSE\SPEECH RECOGNITION  SYSTEMS\PROJECT1\PROJECT1\MY_FINAL_PROJECT1_TCODE\PORTAUDIO_PROJECT1\DEBUG\PORTAUDIO_PROJECT1.EXE.INTERMEDIATE.MANIFEST
E:\JIE COURSE\SPEECH RECOGNITION  SYSTEMS\PROJECT1\PROJECT1\MY_FINAL_PROJECT1_TCODE\DEBUG\PORTAUDIO_PROJECT1.PDB
E:\JIE course\speech recognition  systems\project1\project1\my_final_project1_tcode\portaudio_project1\Debug\portaudio_project1.vcxprojResolveAssemblyReference.cache
E:\JIE course\speech recognition  systems\project1\project1\my_final_project1_tcode\portaudio_project1\Debug\readwave.obj
E:\JIE course\speech recognition  systems\project1\project1\my_final_project1_tcode\portaudio_project1\Debug\test.obj
E:\JIE course\speech recognition  systems\project1\project1\my_final_project1_tcode\portaudio_project1\Debug\cl.command.1.tlog
E:\JIE course\speech recognition  systems\project1\project1\my_final_project1_tcode\portaudio_project1\Debug\CL.read.1.tlog
E:\JIE course\speech recognition  systems\project1\project1\my_final_project1_tcode\portaudio_project1\Debug\CL.write.1.tlog
E:\JIE course\speech recognition  systems\project1\project1\my_final_project1_tcode\portaudio_project1\Debug\link.command.1.tlog
E:\JIE course\speech recognition  systems\project1\project1\my_final_project1_tcode\portaudio_project1\Debug\link.read.1.tlog
E:\JIE course\speech recognition  systems\project1\project1\my_final_project1_tcode\portaudio_project1\Debug\link.write.1.tlog
E:\JIE course\speech recognition  systems\project1\project1\my_final_project1_tcode\portaudio_project1\Debug\mt.command.1.tlog
E:\JIE course\speech recognition  systems\project1\project1\my_final_project1_tcode\portaudio_project1\Debug\mt.read.1.tlog
E:\JIE course\speech recognition  systems\project1\project1\my_final_project1_tcode\portaudio_project1\Debug\mt.write.1.tlog
E:\JIE course\speech recognition  systems\project1\project1\my_final_project1_tcode\portaudio_project1\Debug\portaudio_project1.write.1.tlog
E:\JIE course\speech recognition  systems\project1\project1\my_final_project1_tcode\portaudio_project1\Debug\portaudio_project1.exe.intermediate.manifest
E:\JIE course\speech recognition  systems\project1\project1\my_final_project1_tcode\portaudio_project1\Debug\vc100.idb
E:\JIE course\speech recognition  systems\project1\project1\my_final_project1_tcode\portaudio_project1\Debug\vc100.pdb
E:\JIE course\speech recognition  systems\project1\project1\my_final_project1_tcode\Debug\portaudio_project1.pdb
E:\JIE course\speech recognition  systems\project1\project1\my_final_project1_tcode\Debug\portaudio_project1.exe
