E:\JIE COURSE\SPEECH RECOGNITION  SYSTEMS\PROJECT3\FIRST_STEP\FIRST_STEP\DEBUG\FIRST_STEP.PCH
E:\JIE COURSE\SPEECH RECOGNITION  SYSTEMS\PROJECT3\FIRST_STEP\FIRST_STEP\DEBUG\STDAFX.OBJ
E:\JIE COURSE\SPEECH RECOGNITION  SYSTEMS\PROJECT3\FIRST_STEP\FIRST_STEP\DEBUG\VC110.PDB
E:\JIE COURSE\SPEECH RECOGNITION  SYSTEMS\PROJECT3\FIRST_STEP\FIRST_STEP\DEBUG\FIRST_STEP.OBJ
E:\JIE COURSE\SPEECH RECOGNITION  SYSTEMS\PROJECT3\FIRST_STEP\DEBUG\FIRST_STEP.ILK
E:\JIE COURSE\SPEECH RECOGNITION  SYSTEMS\PROJECT3\FIRST_STEP\DEBUG\FIRST_STEP.EXE
E:\JIE COURSE\SPEECH RECOGNITION  SYSTEMS\PROJECT3\FIRST_STEP\DEBUG\FIRST_STEP.PDB
E:\JIE course\speech recognition  systems\Project3\First_Step\First_Step\Debug\First_Step.obj
E:\JIE course\speech recognition  systems\Project3\First_Step\First_Step\Debug\stdafx.obj
E:\JIE course\speech recognition  systems\Project3\First_Step\First_Step\Debug\cl.command.1.tlog
E:\JIE course\speech recognition  systems\Project3\First_Step\First_Step\Debug\CL.read.1.tlog
E:\JIE course\speech recognition  systems\Project3\First_Step\First_Step\Debug\CL.write.1.tlog
E:\JIE course\speech recognition  systems\Project3\First_Step\First_Step\Debug\link-cvtres.read.1.tlog
E:\JIE course\speech recognition  systems\Project3\First_Step\First_Step\Debug\link-cvtres.write.1.tlog
E:\JIE course\speech recognition  systems\Project3\First_Step\First_Step\Debug\link-rc.read.1.tlog
E:\JIE course\speech recognition  systems\Project3\First_Step\First_Step\Debug\link-rc.write.1.tlog
E:\JIE course\speech recognition  systems\Project3\First_Step\First_Step\Debug\link.command.1.tlog
E:\JIE course\speech recognition  systems\Project3\First_Step\First_Step\Debug\link.read.1.tlog
E:\JIE course\speech recognition  systems\Project3\First_Step\First_Step\Debug\link.write.1.tlog
E:\JIE course\speech recognition  systems\Project3\First_Step\First_Step\Debug\First_Step.pch
E:\JIE course\speech recognition  systems\Project3\First_Step\First_Step\Debug\vc110.idb
E:\JIE course\speech recognition  systems\Project3\First_Step\First_Step\Debug\vc110.pdb
E:\JIE course\speech recognition  systems\Project3\First_Step\Debug\First_Step.pdb
E:\JIE course\speech recognition  systems\Project3\First_Step\Debug\First_Step.exe
E:\JIE course\speech recognition  systems\Project3\First_Step\Debug\First_Step.ilk
