生成启动时间为 2014/10/25 22:14:38。
     1>项目“E:\JIE course\speech recognition  systems\project4\Synchronous_DTW\Synchronous_DTW\Synchronous_DTW.vcxproj”在节点 2 上(Rebuild 个目标)。
     1>C:\Program Files (x86)\MSBuild\Microsoft.Cpp\v4.0\V110\Microsoft.CppClean.targets(75,5): warning : 对路径“E:\JIE course\speech recognition  systems\project4\Synchronous_DTW\Debug\Synchronous_DTW.exe”的访问被拒绝。
     1>ClCompile:
         D:\Microsoft Visual Studio 11.0\VC\bin\CL.exe /c /ZI /nologo /W3 /WX- /sdl /Od /Oy- /D WIN32 /D _DEBUG /D _CONSOLE /D _UNICODE /D UNICODE /Gm /EHsc /RTC1 /MDd /GS /fp:precise /Zc:wchar_t /Zc:forScope /Yc"stdafx.h" /Fp"Debug\Synchronous_DTW.pch" /Fo"Debug\\" /Fd"Debug\vc110.pdb" /Gd /TP /analyze- /errorReport:prompt stdafx.cpp
         stdafx.cpp
         D:\Microsoft Visual Studio 11.0\VC\bin\CL.exe /c /ZI /nologo /W3 /WX- /sdl /Od /Oy- /D WIN32 /D _DEBUG /D _CONSOLE /D _UNICODE /D UNICODE /Gm /EHsc /RTC1 /MDd /GS /fp:precise /Zc:wchar_t /Zc:forScope /Yu"stdafx.h" /Fp"Debug\Synchronous_DTW.pch" /Fo"Debug\\" /Fd"Debug\vc110.pdb" /Gd /TP /analyze- /errorReport:prompt get_distance.cpp read_template.cpp pile_up.cpp Synchronous.cpp
         Synchronous.cpp
         pile_up.cpp
         read_template.cpp
         get_distance.cpp
         正在生成代码...
       Link:
         D:\Microsoft Visual Studio 11.0\VC\bin\link.exe /ERRORREPORT:PROMPT /OUT:"E:\JIE course\speech recognition  systems\project4\Synchronous_DTW\Debug\Synchronous_DTW.exe" /INCREMENTAL /NOLOGO kernel32.lib user32.lib gdi32.lib winspool.lib comdlg32.lib advapi32.lib shell32.lib ole32.lib oleaut32.lib uuid.lib odbc32.lib odbccp32.lib /MANIFEST /MANIFESTUAC:"level='asInvoker' uiAccess='false'" /manifest:embed /DEBUG /PDB:"E:\JIE course\speech recognition  systems\project4\Synchronous_DTW\Debug\Synchronous_DTW.pdb" /SUBSYSTEM:CONSOLE /TLBID:1 /DYNAMICBASE /NXCOMPAT /IMPLIB:"E:\JIE course\speech recognition  systems\project4\Synchronous_DTW\Debug\Synchronous_DTW.lib" /MACHINE:X86 Debug\get_distance.obj
         Debug\read_template.obj
         Debug\stdafx.obj
         Debug\pile_up.obj
         Debug\Synchronous.obj
     1>LINK : fatal error LNK1104: 无法打开文件“E:\JIE course\speech recognition  systems\project4\Synchronous_DTW\Debug\Synchronous_DTW.exe”
     1>已完成生成项目“E:\JIE course\speech recognition  systems\project4\Synchronous_DTW\Synchronous_DTW\Synchronous_DTW.vcxproj”(Rebuild 个目标)的操作 - 失败。

生成失败。

已用时间 00:00:05.22
