E:\JIE COURSE\SPEECH RECOGNITION  SYSTEMS\PROJECT4\SYNCHRO\SYNCHRO\DEBUG\SYNCHRO.PCH
E:\JIE COURSE\SPEECH RECOGNITION  SYSTEMS\PROJECT4\SYNCHRO\SYNCHRO\DEBUG\STDAFX.OBJ
E:\JIE COURSE\SPEECH RECOGNITION  SYSTEMS\PROJECT4\SYNCHRO\SYNCHRO\DEBUG\VC110.PDB
E:\JIE COURSE\SPEECH RECOGNITION  SYSTEMS\PROJECT4\SYNCHRO\SYNCHRO\DEBUG\GET_DISTANCE.OBJ
E:\JIE COURSE\SPEECH RECOGNITION  SYSTEMS\PROJECT4\SYNCHRO\SYNCHRO\DEBUG\READ_TEMPLATE.OBJ
E:\JIE COURSE\SPEECH RECOGNITION  SYSTEMS\PROJECT4\SYNCHRO\SYNCHRO\DEBUG\SYNCHRO.OBJ
E:\JIE COURSE\SPEECH RECOGNITION  SYSTEMS\PROJECT4\SYNCHRO\SYNCHRO\DEBUG\SYNCHRONOUS.OBJ
E:\JIE course\speech recognition  systems\project4\Synchro\Synchro\Debug\get_distance.obj
E:\JIE course\speech recognition  systems\project4\Synchro\Synchro\Debug\read_template.obj
E:\JIE course\speech recognition  systems\project4\Synchro\Synchro\Debug\stdafx.obj
E:\JIE course\speech recognition  systems\project4\Synchro\Synchro\Debug\Synchro.obj
E:\JIE course\speech recognition  systems\project4\Synchro\Synchro\Debug\Synchronous.obj
E:\JIE course\speech recognition  systems\project4\Synchro\Synchro\Debug\cl.command.1.tlog
E:\JIE course\speech recognition  systems\project4\Synchro\Synchro\Debug\CL.read.1.tlog
E:\JIE course\speech recognition  systems\project4\Synchro\Synchro\Debug\CL.write.1.tlog
E:\JIE course\speech recognition  systems\project4\Synchro\Synchro\Debug\link-cvtres.read.1.tlog
E:\JIE course\speech recognition  systems\project4\Synchro\Synchro\Debug\link-cvtres.write.1.tlog
E:\JIE course\speech recognition  systems\project4\Synchro\Synchro\Debug\link-rc.read.1.tlog
E:\JIE course\speech recognition  systems\project4\Synchro\Synchro\Debug\link-rc.write.1.tlog
E:\JIE course\speech recognition  systems\project4\Synchro\Synchro\Debug\link.command.1.tlog
E:\JIE course\speech recognition  systems\project4\Synchro\Synchro\Debug\link.read.1.tlog
E:\JIE course\speech recognition  systems\project4\Synchro\Synchro\Debug\link.write.1.tlog
E:\JIE course\speech recognition  systems\project4\Synchro\Synchro\Debug\Synchro.pch
E:\JIE course\speech recognition  systems\project4\Synchro\Synchro\Debug\vc110.idb
E:\JIE course\speech recognition  systems\project4\Synchro\Synchro\Debug\vc110.pdb
E:\JIE course\speech recognition  systems\project4\Synchro\Debug\Synchro.pdb
