生成启动时间为 2014/12/9 14:44:13。
     1>项目“E:\JIE course\speech recognition  systems\project4\Final_project_6 - gujin\DCT\DCT.vcxproj”在节点 2 上(Build 个目标)。
     1>ClCompile:
         D:\Microsoft Visual Studio 11.0\VC\bin\CL.exe /c /ZI /nologo /W3 /WX- /sdl /Od /Oy- /D WIN32 /D _DEBUG /D _CONSOLE /D _CRT_SECURE_NO_WARNINGS /D _UNICODE /D UNICODE /Gm /EHsc /RTC1 /MDd /GS /fp:precise /Zc:wchar_t /Zc:forScope /Yu"stdafx.h" /Fp"Debug\DCT.pch" /Fo"Debug\\" /Fd"Debug\vc110.pdb" /Gd /TP /analyze- /errorReport:prompt main.cpp
         main.cpp
       Link:
         D:\Microsoft Visual Studio 11.0\VC\bin\link.exe /ERRORREPORT:PROMPT /OUT:"E:\JIE course\speech recognition  systems\project4\Final_project_6 - gujin\Debug\DCT.exe" /INCREMENTAL /NOLOGO kernel32.lib user32.lib gdi32.lib winspool.lib comdlg32.lib advapi32.lib shell32.lib ole32.lib oleaut32.lib uuid.lib odbc32.lib odbccp32.lib /MANIFEST /MANIFESTUAC:"level='asInvoker' uiAccess='false'" /manifest:embed /DEBUG /PDB:"E:\JIE course\speech recognition  systems\project4\Final_project_6 - gujin\Debug\DCT.pdb" /SUBSYSTEM:CONSOLE /TLBID:1 /DYNAMICBASE /NXCOMPAT /IMPLIB:"E:\JIE course\speech recognition  systems\project4\Final_project_6 - gujin\Debug\DCT.lib" /MACHINE:X86 Debug\readwave.obj
         Debug\framedata.obj
         Debug\Hmm.obj
         Debug\input_file.obj
         Debug\kmeanprocess.obj
         Debug\main.obj
         Debug\multiple_template_path.obj
         Debug\read_template.obj
         Debug\DCT.obj
         Debug\DTW.obj
         Debug\get_distance.obj
         Debug\stdafx.obj
         Debug\trainingdata.obj
         ..\lib\portaudio_x86.lib
         DCT.vcxproj -> E:\JIE course\speech recognition  systems\project4\Final_project_6 - gujin\Debug\DCT.exe
     1>已完成生成项目“E:\JIE course\speech recognition  systems\project4\Final_project_6 - gujin\DCT\DCT.vcxproj”(Build 个目标)的操作。

生成成功。

已用时间 00:00:03.55
