生成启动时间为 2014/10/6 12:55:38。
     1>项目“E:\JIE course\speech recognition  systems\Project3\Last_step\Last_step\Last_step.vcxproj”在节点 2 上(Build 个目标)。
     1>ClCompile:
         D:\Microsoft Visual Studio 11.0\VC\bin\CL.exe /c /Zi /nologo /W3 /WX- /sdl /O2 /Oi /Oy- /GL /D WIN32 /D NDEBUG /D _CONSOLE /D _UNICODE /D UNICODE /Gm- /EHsc /MD /GS /Gy /fp:precise /Zc:wchar_t /Zc:forScope /Yu"stdafx.h" /Fp"Release\Last_step.pch" /Fo"Release\\" /Fd"Release\vc110.pdb" /Gd /TP /analyze- /errorReport:prompt Last_step.cpp
         Last_step.cpp
     1>Last_step.cpp(49): warning C4018: “<”: 有符号/无符号不匹配
     1>Last_step.cpp(52): warning C4018: “<”: 有符号/无符号不匹配
     1>Last_step.cpp(58): warning C4018: “<”: 有符号/无符号不匹配
     1>Last_step.cpp(60): warning C4018: “<”: 有符号/无符号不匹配
     1>Last_step.cpp(120): warning C4067: 预处理器指令后有意外标记 - 应输入换行符
     1>Last_step.cpp(182): warning C4018: “<”: 有符号/无符号不匹配
     1>Last_step.cpp(200): warning C4067: 预处理器指令后有意外标记 - 应输入换行符
       Link:
         D:\Microsoft Visual Studio 11.0\VC\bin\link.exe /ERRORREPORT:PROMPT /OUT:"E:\JIE course\speech recognition  systems\Project3\Last_step\Release\Last_step.exe" /INCREMENTAL:NO /NOLOGO kernel32.lib user32.lib gdi32.lib winspool.lib comdlg32.lib advapi32.lib shell32.lib ole32.lib oleaut32.lib uuid.lib odbc32.lib odbccp32.lib /MANIFEST /MANIFESTUAC:"level='asInvoker' uiAccess='false'" /manifest:embed /DEBUG /PDB:"E:\JIE course\speech recognition  systems\Project3\Last_step\Release\Last_step.pdb" /SUBSYSTEM:CONSOLE /OPT:REF /OPT:ICF /LTCG /TLBID:1 /DYNAMICBASE /NXCOMPAT /IMPLIB:"E:\JIE course\speech recognition  systems\Project3\Last_step\Release\Last_step.lib" /MACHINE:X86 /SAFESEH Release\Last_step.obj
         Release\stdafx.obj
         正在生成代码
         已完成代码的生成
         Last_step.vcxproj -> E:\JIE course\speech recognition  systems\Project3\Last_step\Release\Last_step.exe
     1>已完成生成项目“E:\JIE course\speech recognition  systems\Project3\Last_step\Last_step\Last_step.vcxproj”(Build 个目标)的操作。

生成成功。

已用时间 00:00:02.63
