E:\JIE COURSE\SPEECH RECOGNITION  SYSTEMS\PROJECT3\LAST_STEP\LAST_STEP\RELEASE\LAST_STEP.PCH
E:\JIE COURSE\SPEECH RECOGNITION  SYSTEMS\PROJECT3\LAST_STEP\LAST_STEP\RELEASE\STDAFX.OBJ
E:\JIE COURSE\SPEECH RECOGNITION  SYSTEMS\PROJECT3\LAST_STEP\LAST_STEP\RELEASE\VC110.PDB
E:\JIE COURSE\SPEECH RECOGNITION  SYSTEMS\PROJECT3\LAST_STEP\LAST_STEP\RELEASE\LAST_STEP.OBJ
E:\JIE COURSE\SPEECH RECOGNITION  SYSTEMS\PROJECT3\LAST_STEP\RELEASE\LAST_STEP.EXE
E:\JIE COURSE\SPEECH RECOGNITION  SYSTEMS\PROJECT3\LAST_STEP\RELEASE\LAST_STEP.PDB
E:\JIE course\speech recognition  systems\Project3\Last_step\Last_step\Release\Last_step.obj
E:\JIE course\speech recognition  systems\Project3\Last_step\Last_step\Release\stdafx.obj
E:\JIE course\speech recognition  systems\Project3\Last_step\Last_step\Release\cl.command.1.tlog
E:\JIE course\speech recognition  systems\Project3\Last_step\Last_step\Release\CL.read.1.tlog
E:\JIE course\speech recognition  systems\Project3\Last_step\Last_step\Release\CL.write.1.tlog
E:\JIE course\speech recognition  systems\Project3\Last_step\Last_step\Release\link-cvtres.read.1.tlog
E:\JIE course\speech recognition  systems\Project3\Last_step\Last_step\Release\link-cvtres.write.1.tlog
E:\JIE course\speech recognition  systems\Project3\Last_step\Last_step\Release\link-rc.read.1.tlog
E:\JIE course\speech recognition  systems\Project3\Last_step\Last_step\Release\link-rc.write.1.tlog
E:\JIE course\speech recognition  systems\Project3\Last_step\Last_step\Release\link.command.1.tlog
E:\JIE course\speech recognition  systems\Project3\Last_step\Last_step\Release\link.read.1.tlog
E:\JIE course\speech recognition  systems\Project3\Last_step\Last_step\Release\link.write.1.tlog
E:\JIE course\speech recognition  systems\Project3\Last_step\Last_step\Release\Last_step.pch
E:\JIE course\speech recognition  systems\Project3\Last_step\Last_step\Release\vc110.pdb
E:\JIE course\speech recognition  systems\Project3\Last_step\Release\Last_step.pdb
E:\JIE course\speech recognition  systems\Project3\Last_step\Release\Last_step.exe
