E:\JIE COURSE\SPEECH RECOGNITION  SYSTEMS\PROJECT3\THIRD_STEP\THIRD_STEP\DEBUG\THIRD_STEP.PCH
E:\JIE COURSE\SPEECH RECOGNITION  SYSTEMS\PROJECT3\THIRD_STEP\THIRD_STEP\DEBUG\STDAFX.OBJ
E:\JIE COURSE\SPEECH RECOGNITION  SYSTEMS\PROJECT3\THIRD_STEP\THIRD_STEP\DEBUG\VC110.PDB
E:\JIE COURSE\SPEECH RECOGNITION  SYSTEMS\PROJECT3\THIRD_STEP\THIRD_STEP\DEBUG\THIRD_STEP.OBJ
E:\JIE COURSE\SPEECH RECOGNITION  SYSTEMS\PROJECT3\THIRD_STEP\DEBUG\THIRD_STEP.ILK
E:\JIE COURSE\SPEECH RECOGNITION  SYSTEMS\PROJECT3\THIRD_STEP\DEBUG\THIRD_STEP.EXE
E:\JIE COURSE\SPEECH RECOGNITION  SYSTEMS\PROJECT3\THIRD_STEP\DEBUG\THIRD_STEP.PDB
E:\JIE course\speech recognition  systems\Project3\third_step\third_step\Debug\stdafx.obj
E:\JIE course\speech recognition  systems\Project3\third_step\third_step\Debug\third_step.obj
E:\JIE course\speech recognition  systems\Project3\third_step\third_step\Debug\cl.command.1.tlog
E:\JIE course\speech recognition  systems\Project3\third_step\third_step\Debug\CL.read.1.tlog
E:\JIE course\speech recognition  systems\Project3\third_step\third_step\Debug\CL.write.1.tlog
E:\JIE course\speech recognition  systems\Project3\third_step\third_step\Debug\link-cvtres.read.1.tlog
E:\JIE course\speech recognition  systems\Project3\third_step\third_step\Debug\link-cvtres.write.1.tlog
E:\JIE course\speech recognition  systems\Project3\third_step\third_step\Debug\link-rc.read.1.tlog
E:\JIE course\speech recognition  systems\Project3\third_step\third_step\Debug\link-rc.write.1.tlog
E:\JIE course\speech recognition  systems\Project3\third_step\third_step\Debug\link.4228-cvtres.read.1.tlog
E:\JIE course\speech recognition  systems\Project3\third_step\third_step\Debug\link.4228-cvtres.write.1.tlog
E:\JIE course\speech recognition  systems\Project3\third_step\third_step\Debug\link.4228-rc.read.1.tlog
E:\JIE course\speech recognition  systems\Project3\third_step\third_step\Debug\link.4228-rc.write.1.tlog
E:\JIE course\speech recognition  systems\Project3\third_step\third_step\Debug\link.4228.read.1.tlog
E:\JIE course\speech recognition  systems\Project3\third_step\third_step\Debug\link.4228.write.1.tlog
E:\JIE course\speech recognition  systems\Project3\third_step\third_step\Debug\link.6420-cvtres.read.1.tlog
E:\JIE course\speech recognition  systems\Project3\third_step\third_step\Debug\link.6420-cvtres.write.1.tlog
E:\JIE course\speech recognition  systems\Project3\third_step\third_step\Debug\link.6420-rc.read.1.tlog
E:\JIE course\speech recognition  systems\Project3\third_step\third_step\Debug\link.6420-rc.write.1.tlog
E:\JIE course\speech recognition  systems\Project3\third_step\third_step\Debug\link.6420.read.1.tlog
E:\JIE course\speech recognition  systems\Project3\third_step\third_step\Debug\link.6420.write.1.tlog
E:\JIE course\speech recognition  systems\Project3\third_step\third_step\Debug\link.7448-cvtres.read.1.tlog
E:\JIE course\speech recognition  systems\Project3\third_step\third_step\Debug\link.7448-cvtres.write.1.tlog
E:\JIE course\speech recognition  systems\Project3\third_step\third_step\Debug\link.7448-rc.read.1.tlog
E:\JIE course\speech recognition  systems\Project3\third_step\third_step\Debug\link.7448-rc.write.1.tlog
E:\JIE course\speech recognition  systems\Project3\third_step\third_step\Debug\link.7448.read.1.tlog
E:\JIE course\speech recognition  systems\Project3\third_step\third_step\Debug\link.7448.write.1.tlog
E:\JIE course\speech recognition  systems\Project3\third_step\third_step\Debug\link.7748-cvtres.read.1.tlog
E:\JIE course\speech recognition  systems\Project3\third_step\third_step\Debug\link.7748-cvtres.write.1.tlog
E:\JIE course\speech recognition  systems\Project3\third_step\third_step\Debug\link.7748-rc.read.1.tlog
E:\JIE course\speech recognition  systems\Project3\third_step\third_step\Debug\link.7748-rc.write.1.tlog
E:\JIE course\speech recognition  systems\Project3\third_step\third_step\Debug\link.7748.read.1.tlog
E:\JIE course\speech recognition  systems\Project3\third_step\third_step\Debug\link.7748.write.1.tlog
E:\JIE course\speech recognition  systems\Project3\third_step\third_step\Debug\link.9760-cvtres.read.1.tlog
E:\JIE course\speech recognition  systems\Project3\third_step\third_step\Debug\link.9760-cvtres.write.1.tlog
E:\JIE course\speech recognition  systems\Project3\third_step\third_step\Debug\link.9760-rc.read.1.tlog
E:\JIE course\speech recognition  systems\Project3\third_step\third_step\Debug\link.9760-rc.write.1.tlog
E:\JIE course\speech recognition  systems\Project3\third_step\third_step\Debug\link.9760.read.1.tlog
E:\JIE course\speech recognition  systems\Project3\third_step\third_step\Debug\link.9760.write.1.tlog
E:\JIE course\speech recognition  systems\Project3\third_step\third_step\Debug\link.9980-cvtres.read.1.tlog
E:\JIE course\speech recognition  systems\Project3\third_step\third_step\Debug\link.9980-cvtres.write.1.tlog
E:\JIE course\speech recognition  systems\Project3\third_step\third_step\Debug\link.9980-rc.read.1.tlog
E:\JIE course\speech recognition  systems\Project3\third_step\third_step\Debug\link.9980-rc.write.1.tlog
E:\JIE course\speech recognition  systems\Project3\third_step\third_step\Debug\link.9980.read.1.tlog
E:\JIE course\speech recognition  systems\Project3\third_step\third_step\Debug\link.9980.write.1.tlog
E:\JIE course\speech recognition  systems\Project3\third_step\third_step\Debug\link.command.1.tlog
E:\JIE course\speech recognition  systems\Project3\third_step\third_step\Debug\link.read.1.tlog
E:\JIE course\speech recognition  systems\Project3\third_step\third_step\Debug\link.write.1.tlog
E:\JIE course\speech recognition  systems\Project3\third_step\third_step\Debug\third_step.pch
E:\JIE course\speech recognition  systems\Project3\third_step\third_step\Debug\vc110.idb
E:\JIE course\speech recognition  systems\Project3\third_step\third_step\Debug\vc110.pdb
E:\JIE course\speech recognition  systems\Project3\third_step\Debug\third_step.pdb
E:\JIE course\speech recognition  systems\Project3\third_step\Debug\third_step.exe
E:\JIE course\speech recognition  systems\Project3\third_step\Debug\third_step.ilk
