C:\USERS\ZHENGYU\DESKTOP\PROJECT\KMEANTRAINING\DEBUG\KMEANTRAINING.EXE
C:\USERS\ZHENGYU\DESKTOP\PROJECT\KMEANTRAINING\DEBUG\KMEANTRAINING.ILK
C:\USERS\ZHENGYU\DESKTOP\PROJECT\KMEANTRAINING\DEBUG\KMEANTRAINING.PDB
C:\Users\zhengyu\Desktop\project\Kmeantraining\Kmeantraining\Debug\cl.command.1.tlog
C:\Users\zhengyu\Desktop\project\Kmeantraining\Kmeantraining\Debug\CL.read.1.tlog
C:\Users\zhengyu\Desktop\project\Kmeantraining\Kmeantraining\Debug\CL.write.1.tlog
C:\USERS\ZHENGYU\DESKTOP\PROJECT\KMEANTRAINING\KMEANTRAINING\DEBUG\DTW.OBJ
C:\USERS\ZHENGYU\DESKTOP\PROJECT\KMEANTRAINING\KMEANTRAINING\DEBUG\FRAMEDATA.OBJ
C:\USERS\ZHENGYU\DESKTOP\PROJECT\KMEANTRAINING\KMEANTRAINING\DEBUG\KMEANDATA.OBJ
C:\USERS\ZHENGYU\DESKTOP\PROJECT\KMEANTRAINING\KMEANTRAINING\DEBUG\KMEANPROCESS.OBJ
C:\USERS\ZHENGYU\DESKTOP\PROJECT\KMEANTRAINING\KMEANTRAINING\DEBUG\KMEANTRAINING.EXE.EMBED.MANIFEST
C:\USERS\ZHENGYU\DESKTOP\PROJECT\KMEANTRAINING\KMEANTRAINING\DEBUG\KMEANTRAINING.EXE.EMBED.MANIFEST.RES
C:\USERS\ZHENGYU\DESKTOP\PROJECT\KMEANTRAINING\KMEANTRAINING\DEBUG\KMEANTRAINING.EXE.INTERMEDIATE.MANIFEST
C:\Users\zhengyu\Desktop\project\Kmeantraining\Kmeantraining\Debug\Kmeantraining_manifest.rc
C:\Users\zhengyu\Desktop\project\Kmeantraining\Kmeantraining\Debug\link.2868.read.1.tlog
C:\Users\zhengyu\Desktop\project\Kmeantraining\Kmeantraining\Debug\link.2868.write.1.tlog
C:\Users\zhengyu\Desktop\project\Kmeantraining\Kmeantraining\Debug\link.2868-cvtres.read.1.tlog
C:\Users\zhengyu\Desktop\project\Kmeantraining\Kmeantraining\Debug\link.2868-cvtres.write.1.tlog
C:\Users\zhengyu\Desktop\project\Kmeantraining\Kmeantraining\Debug\link.3736.read.1.tlog
C:\Users\zhengyu\Desktop\project\Kmeantraining\Kmeantraining\Debug\link.3736.write.1.tlog
C:\Users\zhengyu\Desktop\project\Kmeantraining\Kmeantraining\Debug\link.3736-cvtres.read.1.tlog
C:\Users\zhengyu\Desktop\project\Kmeantraining\Kmeantraining\Debug\link.3736-cvtres.write.1.tlog
C:\Users\zhengyu\Desktop\project\Kmeantraining\Kmeantraining\Debug\link.4140.read.1.tlog
C:\Users\zhengyu\Desktop\project\Kmeantraining\Kmeantraining\Debug\link.4140.write.1.tlog
C:\Users\zhengyu\Desktop\project\Kmeantraining\Kmeantraining\Debug\link.4140-cvtres.read.1.tlog
C:\Users\zhengyu\Desktop\project\Kmeantraining\Kmeantraining\Debug\link.4140-cvtres.write.1.tlog
C:\Users\zhengyu\Desktop\project\Kmeantraining\Kmeantraining\Debug\link.4952.read.1.tlog
C:\Users\zhengyu\Desktop\project\Kmeantraining\Kmeantraining\Debug\link.4952.write.1.tlog
C:\Users\zhengyu\Desktop\project\Kmeantraining\Kmeantraining\Debug\link.4952-cvtres.read.1.tlog
C:\Users\zhengyu\Desktop\project\Kmeantraining\Kmeantraining\Debug\link.4952-cvtres.write.1.tlog
C:\Users\zhengyu\Desktop\project\Kmeantraining\Kmeantraining\Debug\link.5520.read.1.tlog
C:\Users\zhengyu\Desktop\project\Kmeantraining\Kmeantraining\Debug\link.5520.write.1.tlog
C:\Users\zhengyu\Desktop\project\Kmeantraining\Kmeantraining\Debug\link.5520-cvtres.read.1.tlog
C:\Users\zhengyu\Desktop\project\Kmeantraining\Kmeantraining\Debug\link.5520-cvtres.write.1.tlog
C:\Users\zhengyu\Desktop\project\Kmeantraining\Kmeantraining\Debug\link.5616.read.1.tlog
C:\Users\zhengyu\Desktop\project\Kmeantraining\Kmeantraining\Debug\link.5616.write.1.tlog
C:\Users\zhengyu\Desktop\project\Kmeantraining\Kmeantraining\Debug\link.5616-cvtres.read.1.tlog
C:\Users\zhengyu\Desktop\project\Kmeantraining\Kmeantraining\Debug\link.5616-cvtres.write.1.tlog
C:\Users\zhengyu\Desktop\project\Kmeantraining\Kmeantraining\Debug\link.6116.read.1.tlog
C:\Users\zhengyu\Desktop\project\Kmeantraining\Kmeantraining\Debug\link.6116.write.1.tlog
C:\Users\zhengyu\Desktop\project\Kmeantraining\Kmeantraining\Debug\link.6116-cvtres.read.1.tlog
C:\Users\zhengyu\Desktop\project\Kmeantraining\Kmeantraining\Debug\link.6116-cvtres.write.1.tlog
C:\Users\zhengyu\Desktop\project\Kmeantraining\Kmeantraining\Debug\link.6192.read.1.tlog
C:\Users\zhengyu\Desktop\project\Kmeantraining\Kmeantraining\Debug\link.6192.write.1.tlog
C:\Users\zhengyu\Desktop\project\Kmeantraining\Kmeantraining\Debug\link.6192-cvtres.read.1.tlog
C:\Users\zhengyu\Desktop\project\Kmeantraining\Kmeantraining\Debug\link.6192-cvtres.write.1.tlog
C:\Users\zhengyu\Desktop\project\Kmeantraining\Kmeantraining\Debug\link.6600.read.1.tlog
C:\Users\zhengyu\Desktop\project\Kmeantraining\Kmeantraining\Debug\link.6600.write.1.tlog
C:\Users\zhengyu\Desktop\project\Kmeantraining\Kmeantraining\Debug\link.6600-cvtres.read.1.tlog
C:\Users\zhengyu\Desktop\project\Kmeantraining\Kmeantraining\Debug\link.6600-cvtres.write.1.tlog
C:\Users\zhengyu\Desktop\project\Kmeantraining\Kmeantraining\Debug\link.6620.read.1.tlog
C:\Users\zhengyu\Desktop\project\Kmeantraining\Kmeantraining\Debug\link.6620.write.1.tlog
C:\Users\zhengyu\Desktop\project\Kmeantraining\Kmeantraining\Debug\link.6620-cvtres.read.1.tlog
C:\Users\zhengyu\Desktop\project\Kmeantraining\Kmeantraining\Debug\link.6620-cvtres.write.1.tlog
C:\Users\zhengyu\Desktop\project\Kmeantraining\Kmeantraining\Debug\link.7020.read.1.tlog
C:\Users\zhengyu\Desktop\project\Kmeantraining\Kmeantraining\Debug\link.7020.write.1.tlog
C:\Users\zhengyu\Desktop\project\Kmeantraining\Kmeantraining\Debug\link.7020-cvtres.read.1.tlog
C:\Users\zhengyu\Desktop\project\Kmeantraining\Kmeantraining\Debug\link.7020-cvtres.write.1.tlog
C:\Users\zhengyu\Desktop\project\Kmeantraining\Kmeantraining\Debug\link.7208.read.1.tlog
C:\Users\zhengyu\Desktop\project\Kmeantraining\Kmeantraining\Debug\link.7208.write.1.tlog
C:\Users\zhengyu\Desktop\project\Kmeantraining\Kmeantraining\Debug\link.7208-cvtres.read.1.tlog
C:\Users\zhengyu\Desktop\project\Kmeantraining\Kmeantraining\Debug\link.7208-cvtres.write.1.tlog
C:\Users\zhengyu\Desktop\project\Kmeantraining\Kmeantraining\Debug\link.7348.read.1.tlog
C:\Users\zhengyu\Desktop\project\Kmeantraining\Kmeantraining\Debug\link.7348.write.1.tlog
C:\Users\zhengyu\Desktop\project\Kmeantraining\Kmeantraining\Debug\link.7348-cvtres.read.1.tlog
C:\Users\zhengyu\Desktop\project\Kmeantraining\Kmeantraining\Debug\link.7348-cvtres.write.1.tlog
C:\Users\zhengyu\Desktop\project\Kmeantraining\Kmeantraining\Debug\link.9132.read.1.tlog
C:\Users\zhengyu\Desktop\project\Kmeantraining\Kmeantraining\Debug\link.9132.write.1.tlog
C:\Users\zhengyu\Desktop\project\Kmeantraining\Kmeantraining\Debug\link.9132-cvtres.read.1.tlog
C:\Users\zhengyu\Desktop\project\Kmeantraining\Kmeantraining\Debug\link.9132-cvtres.write.1.tlog
C:\Users\zhengyu\Desktop\project\Kmeantraining\Kmeantraining\Debug\link.command.1.tlog
C:\Users\zhengyu\Desktop\project\Kmeantraining\Kmeantraining\Debug\link.read.1.tlog
C:\Users\zhengyu\Desktop\project\Kmeantraining\Kmeantraining\Debug\link.write.1.tlog
C:\Users\zhengyu\Desktop\project\Kmeantraining\Kmeantraining\Debug\link-cvtres.read.1.tlog
C:\Users\zhengyu\Desktop\project\Kmeantraining\Kmeantraining\Debug\link-cvtres.write.1.tlog
C:\USERS\ZHENGYU\DESKTOP\PROJECT\KMEANTRAINING\KMEANTRAINING\DEBUG\MAIN.OBJ
C:\Users\zhengyu\Desktop\project\Kmeantraining\Kmeantraining\Debug\mt.command.1.tlog
C:\Users\zhengyu\Desktop\project\Kmeantraining\Kmeantraining\Debug\mt.read.1.tlog
C:\Users\zhengyu\Desktop\project\Kmeantraining\Kmeantraining\Debug\mt.write.1.tlog
C:\Users\zhengyu\Desktop\project\Kmeantraining\Kmeantraining\Debug\rc.command.1.tlog
C:\Users\zhengyu\Desktop\project\Kmeantraining\Kmeantraining\Debug\rc.read.1.tlog
C:\Users\zhengyu\Desktop\project\Kmeantraining\Kmeantraining\Debug\rc.write.1.tlog
C:\USERS\ZHENGYU\DESKTOP\PROJECT\KMEANTRAINING\KMEANTRAINING\DEBUG\READWAVE.OBJ
C:\USERS\ZHENGYU\DESKTOP\PROJECT\KMEANTRAINING\KMEANTRAINING\DEBUG\TRAININGDATA.OBJ
C:\Users\zhengyu\Desktop\project\Kmeantraining\Kmeantraining\Debug\vc100.idb
C:\USERS\ZHENGYU\DESKTOP\PROJECT\KMEANTRAINING\KMEANTRAINING\DEBUG\VC100.PDB
