生成启动时间为 2014/12/6 17:13:09。
     1>项目“E:\JIE course\speech recognition  systems\project4\Kmeantraining\Kmeantraining\Kmeantraining.vcxproj”在节点 2 上(Build 个目标)。
     1>ClCompile:
         D:\Microsoft Visual Studio 11.0\VC\bin\CL.exe /c /ZI /nologo /W3 /WX- /Od /Oy- /D WIN32 /D _DEBUG /D _CONSOLE /D _UNICODE /D UNICODE /Gm /EHsc /RTC1 /MDd /GS /fp:precise /Zc:wchar_t /Zc:forScope /Fo"Debug\\" /Fd"Debug\vc110.pdb" /Gd /TP /analyze- /errorReport:prompt framedata.cpp kmeandata.cpp kmeanprocess.cpp main.cpp readwave.cpp trainingdata.cpp
         trainingdata.cpp
         readwave.cpp
     1>e:\jie course\speech recognition  systems\project4\kmeantraining\kmeantraining\readwave.cpp(40): warning C4996: 'fopen': This function or variable may be unsafe. Consider using fopen_s instead. To disable deprecation, use _CRT_SECURE_NO_WARNINGS. See online help for details.
                 d:\microsoft visual studio 11.0\vc\include\stdio.h(218) : 参见“fopen”的声明
     1>e:\jie course\speech recognition  systems\project4\kmeantraining\kmeantraining\readwave.cpp(67): warning C4996: 'strcpy': This function or variable may be unsafe. Consider using strcpy_s instead. To disable deprecation, use _CRT_SECURE_NO_WARNINGS. See online help for details.
                 d:\microsoft visual studio 11.0\vc\include\string.h(110) : 参见“strcpy”的声明
     1>e:\jie course\speech recognition  systems\project4\kmeantraining\kmeantraining\readwave.cpp(68): warning C4996: 'strcpy': This function or variable may be unsafe. Consider using strcpy_s instead. To disable deprecation, use _CRT_SECURE_NO_WARNINGS. See online help for details.
                 d:\microsoft visual studio 11.0\vc\include\string.h(110) : 参见“strcpy”的声明
     1>e:\jie course\speech recognition  systems\project4\kmeantraining\kmeantraining\readwave.cpp(77): warning C4996: 'strcpy': This function or variable may be unsafe. Consider using strcpy_s instead. To disable deprecation, use _CRT_SECURE_NO_WARNINGS. See online help for details.
                 d:\microsoft visual studio 11.0\vc\include\string.h(110) : 参见“strcpy”的声明
     1>e:\jie course\speech recognition  systems\project4\kmeantraining\kmeantraining\readwave.cpp(89): warning C4996: 'fopen': This function or variable may be unsafe. Consider using fopen_s instead. To disable deprecation, use _CRT_SECURE_NO_WARNINGS. See online help for details.
                 d:\microsoft visual studio 11.0\vc\include\stdio.h(218) : 参见“fopen”的声明
     1>e:\jie course\speech recognition  systems\project4\kmeantraining\kmeantraining\readwave.cpp(111): warning C4996: 'fopen': This function or variable may be unsafe. Consider using fopen_s instead. To disable deprecation, use _CRT_SECURE_NO_WARNINGS. See online help for details.
                 d:\microsoft visual studio 11.0\vc\include\stdio.h(218) : 参见“fopen”的声明
     1>e:\jie course\speech recognition  systems\project4\kmeantraining\kmeantraining\readwave.cpp(147): warning C4996: 'fopen': This function or variable may be unsafe. Consider using fopen_s instead. To disable deprecation, use _CRT_SECURE_NO_WARNINGS. See online help for details.
                 d:\microsoft visual studio 11.0\vc\include\stdio.h(218) : 参见“fopen”的声明
     1>e:\jie course\speech recognition  systems\project4\kmeantraining\kmeantraining\readwave.cpp(178): warning C4996: 'fopen': This function or variable may be unsafe. Consider using fopen_s instead. To disable deprecation, use _CRT_SECURE_NO_WARNINGS. See online help for details.
                 d:\microsoft visual studio 11.0\vc\include\stdio.h(218) : 参见“fopen”的声明
         main.cpp
         kmeanprocess.cpp
     1>e:\jie course\speech recognition  systems\project4\kmeantraining\kmeantraining\kmeanprocess.cpp(87): warning C4018: “<”: 有符号/无符号不匹配
         kmeandata.cpp
     1>e:\jie course\speech recognition  systems\project4\kmeantraining\kmeantraining\kmeandata.cpp(27): warning C4018: “<”: 有符号/无符号不匹配
     1>e:\jie course\speech recognition  systems\project4\kmeantraining\kmeantraining\kmeandata.cpp(52): warning C4172: 返回局部变量或临时变量的地址
         framedata.cpp
         正在生成代码...
       Link:
         D:\Microsoft Visual Studio 11.0\VC\bin\link.exe /ERRORREPORT:PROMPT /OUT:"E:\JIE course\speech recognition  systems\project4\Kmeantraining\Debug\Kmeantraining.exe" /INCREMENTAL /NOLOGO kernel32.lib user32.lib gdi32.lib winspool.lib comdlg32.lib advapi32.lib shell32.lib ole32.lib oleaut32.lib uuid.lib odbc32.lib odbccp32.lib /MANIFEST /MANIFESTUAC:"level='asInvoker' uiAccess='false'" /manifest:embed /DEBUG /PDB:"E:\JIE course\speech recognition  systems\project4\Kmeantraining\Debug\Kmeantraining.pdb" /SUBSYSTEM:CONSOLE /TLBID:1 /DYNAMICBASE /NXCOMPAT /IMPLIB:"E:\JIE course\speech recognition  systems\project4\Kmeantraining\Debug\Kmeantraining.lib" /MACHINE:X86 Debug\framedata.obj
         Debug\kmeandata.obj
         Debug\kmeanprocess.obj
         Debug\main.obj
         Debug\readwave.obj
         Debug\trainingdata.obj
         Kmeantraining.vcxproj -> E:\JIE course\speech recognition  systems\project4\Kmeantraining\Debug\Kmeantraining.exe
     1>已完成生成项目“E:\JIE course\speech recognition  systems\project4\Kmeantraining\Kmeantraining\Kmeantraining.vcxproj”(Build 个目标)的操作。

生成成功。

已用时间 00:00:10.94
