E:\JIE COURSE\SPEECH RECOGNITION  SYSTEMS\PROJECT4\DTW\DTW\DEBUG\DTW.PCH
E:\JIE COURSE\SPEECH RECOGNITION  SYSTEMS\PROJECT4\DTW\DTW\DEBUG\STDAFX.OBJ
E:\JIE COURSE\SPEECH RECOGNITION  SYSTEMS\PROJECT4\DTW\DTW\DEBUG\VC110.PDB
E:\JIE COURSE\SPEECH RECOGNITION  SYSTEMS\PROJECT4\DTW\DTW\DEBUG\DTW.OBJ
E:\JIE COURSE\SPEECH RECOGNITION  SYSTEMS\PROJECT4\DTW\DTW\DEBUG\GET_DISTANCE.OBJ
E:\JIE COURSE\SPEECH RECOGNITION  SYSTEMS\PROJECT4\DTW\DTW\DEBUG\PROJECT4.OBJ
E:\JIE COURSE\SPEECH RECOGNITION  SYSTEMS\PROJECT4\DTW\DEBUG\DTW.ILK
E:\JIE COURSE\SPEECH RECOGNITION  SYSTEMS\PROJECT4\DTW\DEBUG\DTW.EXE
E:\JIE COURSE\SPEECH RECOGNITION  SYSTEMS\PROJECT4\DTW\DEBUG\DTW.PDB
E:\JIE course\speech recognition  systems\project4\DTW\DTW\Debug\DTW.obj
E:\JIE course\speech recognition  systems\project4\DTW\DTW\Debug\get_distance.obj
E:\JIE course\speech recognition  systems\project4\DTW\DTW\Debug\project4.obj
E:\JIE course\speech recognition  systems\project4\DTW\DTW\Debug\stdafx.obj
E:\JIE course\speech recognition  systems\project4\DTW\DTW\Debug\cl.command.1.tlog
E:\JIE course\speech recognition  systems\project4\DTW\DTW\Debug\CL.read.1.tlog
E:\JIE course\speech recognition  systems\project4\DTW\DTW\Debug\CL.write.1.tlog
E:\JIE course\speech recognition  systems\project4\DTW\DTW\Debug\link-cvtres.read.1.tlog
E:\JIE course\speech recognition  systems\project4\DTW\DTW\Debug\link-cvtres.write.1.tlog
E:\JIE course\speech recognition  systems\project4\DTW\DTW\Debug\link-rc.read.1.tlog
E:\JIE course\speech recognition  systems\project4\DTW\DTW\Debug\link-rc.write.1.tlog
E:\JIE course\speech recognition  systems\project4\DTW\DTW\Debug\link.8140-cvtres.read.1.tlog
E:\JIE course\speech recognition  systems\project4\DTW\DTW\Debug\link.8140-cvtres.write.1.tlog
E:\JIE course\speech recognition  systems\project4\DTW\DTW\Debug\link.8140-rc.read.1.tlog
E:\JIE course\speech recognition  systems\project4\DTW\DTW\Debug\link.8140-rc.write.1.tlog
E:\JIE course\speech recognition  systems\project4\DTW\DTW\Debug\link.8140.read.1.tlog
E:\JIE course\speech recognition  systems\project4\DTW\DTW\Debug\link.8140.write.1.tlog
E:\JIE course\speech recognition  systems\project4\DTW\DTW\Debug\link.command.1.tlog
E:\JIE course\speech recognition  systems\project4\DTW\DTW\Debug\link.read.1.tlog
E:\JIE course\speech recognition  systems\project4\DTW\DTW\Debug\link.write.1.tlog
E:\JIE course\speech recognition  systems\project4\DTW\DTW\Debug\DTW.pch
E:\JIE course\speech recognition  systems\project4\DTW\DTW\Debug\vc110.idb
E:\JIE course\speech recognition  systems\project4\DTW\DTW\Debug\vc110.pdb
E:\JIE course\speech recognition  systems\project4\DTW\Debug\DTW.pdb
E:\JIE course\speech recognition  systems\project4\DTW\Debug\DTW.exe
E:\JIE course\speech recognition  systems\project4\DTW\Debug\DTW.ilk
