E:\JIE COURSE\SPEECH RECOGNITION  SYSTEMS\PROJECT3\ALLINALL\ALLINALL\RELEASE\ALLINALL.PCH
E:\JIE COURSE\SPEECH RECOGNITION  SYSTEMS\PROJECT3\ALLINALL\ALLINALL\RELEASE\STDAFX.OBJ
E:\JIE COURSE\SPEECH RECOGNITION  SYSTEMS\PROJECT3\ALLINALL\ALLINALL\RELEASE\VC110.PDB
E:\JIE COURSE\SPEECH RECOGNITION  SYSTEMS\PROJECT3\ALLINALL\ALLINALL\RELEASE\THIRD_STEP.OBJ
E:\JIE COURSE\SPEECH RECOGNITION  SYSTEMS\PROJECT3\ALLINALL\ALLINALL\RELEASE\MULTI-TEMPLATES.OBJ
E:\JIE COURSE\SPEECH RECOGNITION  SYSTEMS\PROJECT3\ALLINALL\ALLINALL\RELEASE\LAST_STEP.OBJ
E:\JIE COURSE\SPEECH RECOGNITION  SYSTEMS\PROJECT3\ALLINALL\ALLINALL\RELEASE\GET_LEAST.OBJ
E:\JIE COURSE\SPEECH RECOGNITION  SYSTEMS\PROJECT3\ALLINALL\ALLINALL\RELEASE\FIRST_STEP.OBJ
E:\JIE COURSE\SPEECH RECOGNITION  SYSTEMS\PROJECT3\ALLINALL\ALLINALL\RELEASE\ALLINALL.OBJ
E:\JIE COURSE\SPEECH RECOGNITION  SYSTEMS\PROJECT3\ALLINALL\RELEASE\ALLINALL.EXE
E:\JIE COURSE\SPEECH RECOGNITION  SYSTEMS\PROJECT3\ALLINALL\RELEASE\ALLINALL.PDB
E:\JIE course\speech recognition  systems\Project3\Allinall\Allinall\Release\Allinall.obj
E:\JIE course\speech recognition  systems\Project3\Allinall\Allinall\Release\First_Step.obj
E:\JIE course\speech recognition  systems\Project3\Allinall\Allinall\Release\get_least.obj
E:\JIE course\speech recognition  systems\Project3\Allinall\Allinall\Release\Last_step.obj
E:\JIE course\speech recognition  systems\Project3\Allinall\Allinall\Release\Multi-templates.obj
E:\JIE course\speech recognition  systems\Project3\Allinall\Allinall\Release\stdafx.obj
E:\JIE course\speech recognition  systems\Project3\Allinall\Allinall\Release\third_step.obj
E:\JIE course\speech recognition  systems\Project3\Allinall\Allinall\Release\cl.command.1.tlog
E:\JIE course\speech recognition  systems\Project3\Allinall\Allinall\Release\CL.read.1.tlog
E:\JIE course\speech recognition  systems\Project3\Allinall\Allinall\Release\CL.write.1.tlog
E:\JIE course\speech recognition  systems\Project3\Allinall\Allinall\Release\link-cvtres.read.1.tlog
E:\JIE course\speech recognition  systems\Project3\Allinall\Allinall\Release\link-cvtres.write.1.tlog
E:\JIE course\speech recognition  systems\Project3\Allinall\Allinall\Release\link-rc.read.1.tlog
E:\JIE course\speech recognition  systems\Project3\Allinall\Allinall\Release\link-rc.write.1.tlog
E:\JIE course\speech recognition  systems\Project3\Allinall\Allinall\Release\link.command.1.tlog
E:\JIE course\speech recognition  systems\Project3\Allinall\Allinall\Release\link.read.1.tlog
E:\JIE course\speech recognition  systems\Project3\Allinall\Allinall\Release\link.write.1.tlog
E:\JIE course\speech recognition  systems\Project3\Allinall\Allinall\Release\Allinall.pch
E:\JIE course\speech recognition  systems\Project3\Allinall\Allinall\Release\vc110.pdb
E:\JIE course\speech recognition  systems\Project3\Allinall\Release\Allinall.pdb
E:\JIE course\speech recognition  systems\Project3\Allinall\Release\Allinall.exe
